{"/Users/sadeghhp/Projects/Trip-Expense-Tracker/src/lib/constants/currencies.ts": {"path":"/Users/sadeghhp/Projects/Trip-Expense-Tracker/src/lib/constants/currencies.ts","statementMap":{"0":{"start":{"line":3,"column":59},"end":{"line":28,"column":null}},"1":{"start":{"line":30,"column":30},"end":{"line":32,"column":null}},"2":{"start":{"line":34,"column":33},"end":{"line":34,"column":null}},"3":{"start":{"line":34,"column":67},"end":{"line":34,"column":100}}},"fnMap":{"0":{"name":"(anonymous_0)","decl":{"start":{"line":34,"column":62},"end":{"line":34,"column":67}},"loc":{"start":{"line":34,"column":67},"end":{"line":34,"column":100}},"line":34}},"branchMap":{},"s":{"0":1,"1":1,"2":1,"3":24},"f":{"0":24},"b":{},"meta":{"lastBranch":0,"lastFunction":1,"lastStatement":4,"seen":{"s:3:59:28:Infinity":0,"s:30:30:32:Infinity":1,"s:34:33:34:Infinity":2,"f:34:62:34:67":0,"s:34:67:34:100":3},"fnNames":{}}}
,"/Users/sadeghhp/Projects/Trip-Expense-Tracker/src/lib/engine/balances.ts": {"path":"/Users/sadeghhp/Projects/Trip-Expense-Tracker/src/lib/engine/balances.ts","statementMap":{"0":{"start":{"line":5,"column":37},"end":{"line":5,"column":null}},"1":{"start":{"line":7,"column":2},"end":{"line":29,"column":null}},"2":{"start":{"line":8,"column":60},"end":{"line":8,"column":null}},"3":{"start":{"line":10,"column":4},"end":{"line":12,"column":null}},"4":{"start":{"line":11,"column":6},"end":{"line":11,"column":null}},"5":{"start":{"line":14,"column":20},"end":{"line":14,"column":null}},"6":{"start":{"line":16,"column":4},"end":{"line":18,"column":null}},"7":{"start":{"line":17,"column":6},"end":{"line":17,"column":null}},"8":{"start":{"line":19,"column":4},"end":{"line":19,"column":null}},"9":{"start":{"line":21,"column":10},"end":{"line":21,"column":null}},"10":{"start":{"line":22,"column":4},"end":{"line":28,"column":null}},"11":{"start":{"line":22,"column":17},"end":{"line":22,"column":20}},"12":{"start":{"line":23,"column":18},"end":{"line":23,"column":null}},"13":{"start":{"line":24,"column":6},"end":{"line":26,"column":null}},"14":{"start":{"line":25,"column":8},"end":{"line":25,"column":null}},"15":{"start":{"line":27,"column":6},"end":{"line":27,"column":null}},"16":{"start":{"line":32,"column":2},"end":{"line":37,"column":null}},"17":{"start":{"line":33,"column":4},"end":{"line":36,"column":null}},"18":{"start":{"line":34,"column":20},"end":{"line":34,"column":null}},"19":{"start":{"line":35,"column":6},"end":{"line":35,"column":null}},"20":{"start":{"line":39,"column":2},"end":{"line":39,"column":null}},"21":{"start":{"line":43,"column":2},"end":{"line":43,"column":null}},"22":{"start":{"line":43,"column":19},"end":{"line":43,"column":null}},"23":{"start":{"line":44,"column":2},"end":{"line":44,"column":null}},"24":{"start":{"line":44,"column":20},"end":{"line":44,"column":null}},"25":{"start":{"line":45,"column":2},"end":{"line":45,"column":null}}},"fnMap":{"0":{"name":"computeBalances","decl":{"start":{"line":4,"column":16},"end":{"line":4,"column":32}},"loc":{"start":{"line":4,"column":71},"end":{"line":40,"column":null}},"line":4},"1":{"name":"getStatus","decl":{"start":{"line":42,"column":16},"end":{"line":42,"column":26}},"loc":{"start":{"line":42,"column":74},"end":{"line":46,"column":null}},"line":42}},"branchMap":{"0":{"loc":{"start":{"line":10,"column":4},"end":{"line":12,"column":null}},"type":"if","locations":[{"start":{"line":10,"column":4},"end":{"line":12,"column":null}},{"start":{},"end":{}}],"line":10},"1":{"loc":{"start":{"line":16,"column":4},"end":{"line":18,"column":null}},"type":"if","locations":[{"start":{"line":16,"column":4},"end":{"line":18,"column":null}},{"start":{},"end":{}}],"line":16},"2":{"loc":{"start":{"line":24,"column":6},"end":{"line":26,"column":null}},"type":"if","locations":[{"start":{"line":24,"column":6},"end":{"line":26,"column":null}},{"start":{},"end":{}}],"line":24},"3":{"loc":{"start":{"line":43,"column":2},"end":{"line":43,"column":null}},"type":"if","locations":[{"start":{"line":43,"column":2},"end":{"line":43,"column":null}},{"start":{},"end":{}}],"line":43},"4":{"loc":{"start":{"line":44,"column":2},"end":{"line":44,"column":null}},"type":"if","locations":[{"start":{"line":44,"column":2},"end":{"line":44,"column":null}},{"start":{},"end":{}}],"line":44}},"s":{"0":9,"1":9,"2":11,"3":11,"4":9,"5":11,"6":11,"7":9,"8":11,"9":11,"10":11,"11":11,"12":19,"13":19,"14":8,"15":19,"16":9,"17":9,"18":17,"19":17,"20":9,"21":9,"22":2,"23":7,"24":2,"25":5},"f":{"0":9,"1":9},"b":{"0":[9,2],"1":[9,2],"2":[8,11],"3":[2,7],"4":[2,5]},"meta":{"lastBranch":5,"lastFunction":2,"lastStatement":26,"seen":{"f:4:16:4:32":0,"s:5:37:5:Infinity":0,"s:7:2:29:Infinity":1,"s:8:60:8:Infinity":2,"b:10:4:12:Infinity:undefined:undefined:undefined:undefined":0,"s:10:4:12:Infinity":3,"s:11:6:11:Infinity":4,"s:14:20:14:Infinity":5,"b:16:4:18:Infinity:undefined:undefined:undefined:undefined":1,"s:16:4:18:Infinity":6,"s:17:6:17:Infinity":7,"s:19:4:19:Infinity":8,"s:21:10:21:Infinity":9,"s:22:4:28:Infinity":10,"s:22:17:22:20":11,"s:23:18:23:Infinity":12,"b:24:6:26:Infinity:undefined:undefined:undefined:undefined":2,"s:24:6:26:Infinity":13,"s:25:8:25:Infinity":14,"s:27:6:27:Infinity":15,"s:32:2:37:Infinity":16,"s:33:4:36:Infinity":17,"s:34:20:34:Infinity":18,"s:35:6:35:Infinity":19,"s:39:2:39:Infinity":20,"f:42:16:42:26":1,"b:43:2:43:Infinity:undefined:undefined:undefined:undefined":3,"s:43:2:43:Infinity":21,"s:43:19:43:Infinity":22,"b:44:2:44:Infinity:undefined:undefined:undefined:undefined":4,"s:44:2:44:Infinity":23,"s:44:20:44:Infinity":24,"s:45:2:45:Infinity":25},"fnNames":{}}}
,"/Users/sadeghhp/Projects/Trip-Expense-Tracker/src/lib/engine/calendar.ts": {"path":"/Users/sadeghhp/Projects/Trip-Expense-Tracker/src/lib/engine/calendar.ts","statementMap":{"0":{"start":{"line":2,"column":14},"end":{"line":2,"column":null}},"1":{"start":{"line":3,"column":14},"end":{"line":3,"column":null}},"2":{"start":{"line":4,"column":13},"end":{"line":5,"column":null}},"3":{"start":{"line":7,"column":11},"end":{"line":7,"column":null}},"4":{"start":{"line":8,"column":2},"end":{"line":8,"column":null}},"5":{"start":{"line":10,"column":2},"end":{"line":10,"column":null}},"6":{"start":{"line":11,"column":2},"end":{"line":11,"column":null}},"7":{"start":{"line":13,"column":2},"end":{"line":16,"column":null}},"8":{"start":{"line":14,"column":4},"end":{"line":14,"column":null}},"9":{"start":{"line":15,"column":4},"end":{"line":15,"column":null}},"10":{"start":{"line":18,"column":13},"end":{"line":18,"column":null}},"11":{"start":{"line":19,"column":13},"end":{"line":19,"column":null}},"12":{"start":{"line":21,"column":2},"end":{"line":21,"column":null}},"13":{"start":{"line":25,"column":2},"end":{"line":25,"column":null}},"14":{"start":{"line":25,"column":16},"end":{"line":25,"column":null}},"15":{"start":{"line":26,"column":16},"end":{"line":26,"column":null}},"16":{"start":{"line":27,"column":2},"end":{"line":27,"column":null}},"17":{"start":{"line":27,"column":26},"end":{"line":27,"column":null}},"18":{"start":{"line":29,"column":13},"end":{"line":29,"column":null}},"19":{"start":{"line":30,"column":13},"end":{"line":30,"column":null}},"20":{"start":{"line":31,"column":13},"end":{"line":31,"column":null}},"21":{"start":{"line":33,"column":2},"end":{"line":36,"column":null}},"22":{"start":{"line":34,"column":25},"end":{"line":34,"column":null}},"23":{"start":{"line":35,"column":4},"end":{"line":35,"column":null}},"24":{"start":{"line":38,"column":2},"end":{"line":38,"column":null}},"25":{"start":{"line":42,"column":14},"end":{"line":42,"column":null}},"26":{"start":{"line":43,"column":12},"end":{"line":43,"column":null}},"27":{"start":{"line":44,"column":12},"end":{"line":44,"column":null}},"28":{"start":{"line":45,"column":12},"end":{"line":45,"column":null}},"29":{"start":{"line":46,"column":2},"end":{"line":46,"column":null}},"30":{"start":{"line":50,"column":14},"end":{"line":50,"column":null}},"31":{"start":{"line":51,"column":13},"end":{"line":51,"column":null}},"32":{"start":{"line":52,"column":13},"end":{"line":52,"column":null}},"33":{"start":{"line":53,"column":13},"end":{"line":53,"column":null}},"34":{"start":{"line":55,"column":2},"end":{"line":58,"column":null}},"35":{"start":{"line":56,"column":25},"end":{"line":56,"column":null}},"36":{"start":{"line":57,"column":4},"end":{"line":57,"column":null}},"37":{"start":{"line":60,"column":2},"end":{"line":60,"column":null}}},"fnMap":{"0":{"name":"gregorianToJalali","decl":{"start":{"line":1,"column":16},"end":{"line":1,"column":34}},"loc":{"start":{"line":1,"column":96},"end":{"line":22,"column":null}},"line":1},"1":{"name":"formatDateDisplay","decl":{"start":{"line":24,"column":16},"end":{"line":24,"column":34}},"loc":{"start":{"line":24,"column":93},"end":{"line":39,"column":null}},"line":24},"2":{"name":"getTodayISO","decl":{"start":{"line":41,"column":16},"end":{"line":41,"column":38}},"loc":{"start":{"line":41,"column":38},"end":{"line":47,"column":null}},"line":41},"3":{"name":"getTodayForCalendar","decl":{"start":{"line":49,"column":16},"end":{"line":49,"column":36}},"loc":{"start":{"line":49,"column":78},"end":{"line":61,"column":null}},"line":49}},"branchMap":{"0":{"loc":{"start":{"line":3,"column":14},"end":{"line":3,"column":null}},"type":"cond-expr","locations":[{"start":{"line":3,"column":23},"end":{"line":3,"column":32}},{"start":{"line":3,"column":32},"end":{"line":3,"column":null}}],"line":3},"1":{"loc":{"start":{"line":13,"column":2},"end":{"line":16,"column":null}},"type":"if","locations":[{"start":{"line":13,"column":2},"end":{"line":16,"column":null}},{"start":{},"end":{}}],"line":13},"2":{"loc":{"start":{"line":18,"column":13},"end":{"line":18,"column":null}},"type":"cond-expr","locations":[{"start":{"line":18,"column":26},"end":{"line":18,"column":54}},{"start":{"line":18,"column":54},"end":{"line":18,"column":null}}],"line":18},"3":{"loc":{"start":{"line":19,"column":18},"end":{"line":19,"column":null}},"type":"cond-expr","locations":[{"start":{"line":19,"column":31},"end":{"line":19,"column":44}},{"start":{"line":19,"column":38},"end":{"line":19,"column":null}}],"line":19},"4":{"loc":{"start":{"line":25,"column":2},"end":{"line":25,"column":null}},"type":"if","locations":[{"start":{"line":25,"column":2},"end":{"line":25,"column":null}},{"start":{},"end":{}}],"line":25},"5":{"loc":{"start":{"line":27,"column":2},"end":{"line":27,"column":null}},"type":"if","locations":[{"start":{"line":27,"column":2},"end":{"line":27,"column":null}},{"start":{},"end":{}}],"line":27},"6":{"loc":{"start":{"line":33,"column":2},"end":{"line":36,"column":null}},"type":"if","locations":[{"start":{"line":33,"column":2},"end":{"line":36,"column":null}},{"start":{},"end":{}}],"line":33},"7":{"loc":{"start":{"line":33,"column":6},"end":{"line":33,"column":43}},"type":"binary-expr","locations":[{"start":{"line":33,"column":6},"end":{"line":33,"column":31}},{"start":{"line":33,"column":31},"end":{"line":33,"column":43}}],"line":33},"8":{"loc":{"start":{"line":55,"column":2},"end":{"line":58,"column":null}},"type":"if","locations":[{"start":{"line":55,"column":2},"end":{"line":58,"column":null}},{"start":{},"end":{}}],"line":55}},"s":{"0":14,"1":14,"2":14,"3":14,"4":14,"5":14,"6":14,"7":14,"8":4,"9":4,"10":14,"11":14,"12":14,"13":5,"14":1,"15":4,"16":4,"17":0,"18":4,"19":4,"20":4,"21":4,"22":1,"23":1,"24":3,"25":6,"26":6,"27":6,"28":6,"29":6,"30":2,"31":2,"32":2,"33":2,"34":2,"35":1,"36":1,"37":1},"f":{"0":14,"1":5,"2":6,"3":2},"b":{"0":[11,3],"1":[4,10],"2":[7,7],"3":[7,7],"4":[1,4],"5":[0,4],"6":[1,3],"7":[4,2],"8":[1,1]},"meta":{"lastBranch":9,"lastFunction":4,"lastStatement":38,"seen":{"f:1:16:1:34":0,"s:2:14:2:Infinity":0,"s:3:14:3:Infinity":1,"b:3:23:3:32:3:32:3:Infinity":0,"s:4:13:5:Infinity":2,"s:7:11:7:Infinity":3,"s:8:2:8:Infinity":4,"s:10:2:10:Infinity":5,"s:11:2:11:Infinity":6,"b:13:2:16:Infinity:undefined:undefined:undefined:undefined":1,"s:13:2:16:Infinity":7,"s:14:4:14:Infinity":8,"s:15:4:15:Infinity":9,"s:18:13:18:Infinity":10,"b:18:26:18:54:18:54:18:Infinity":2,"s:19:13:19:Infinity":11,"b:19:31:19:44:19:38:19:Infinity":3,"s:21:2:21:Infinity":12,"f:24:16:24:34":1,"b:25:2:25:Infinity:undefined:undefined:undefined:undefined":4,"s:25:2:25:Infinity":13,"s:25:16:25:Infinity":14,"s:26:16:26:Infinity":15,"b:27:2:27:Infinity:undefined:undefined:undefined:undefined":5,"s:27:2:27:Infinity":16,"s:27:26:27:Infinity":17,"s:29:13:29:Infinity":18,"s:30:13:30:Infinity":19,"s:31:13:31:Infinity":20,"b:33:2:36:Infinity:undefined:undefined:undefined:undefined":6,"s:33:2:36:Infinity":21,"b:33:6:33:31:33:31:33:43":7,"s:34:25:34:Infinity":22,"s:35:4:35:Infinity":23,"s:38:2:38:Infinity":24,"f:41:16:41:38":2,"s:42:14:42:Infinity":25,"s:43:12:43:Infinity":26,"s:44:12:44:Infinity":27,"s:45:12:45:Infinity":28,"s:46:2:46:Infinity":29,"f:49:16:49:36":3,"s:50:14:50:Infinity":30,"s:51:13:51:Infinity":31,"s:52:13:52:Infinity":32,"s:53:13:53:Infinity":33,"b:55:2:58:Infinity:undefined:undefined:undefined:undefined":8,"s:55:2:58:Infinity":34,"s:56:25:56:Infinity":35,"s:57:4:57:Infinity":36,"s:60:2:60:Infinity":37},"fnNames":{}}}
,"/Users/sadeghhp/Projects/Trip-Expense-Tracker/src/lib/engine/settlement.ts": {"path":"/Users/sadeghhp/Projects/Trip-Expense-Tracker/src/lib/engine/settlement.ts","statementMap":{"0":{"start":{"line":9,"column":42},"end":{"line":9,"column":null}},"1":{"start":{"line":10,"column":2},"end":{"line":12,"column":null}},"2":{"start":{"line":11,"column":4},"end":{"line":11,"column":null}},"3":{"start":{"line":14,"column":2},"end":{"line":24,"column":null}},"4":{"start":{"line":15,"column":4},"end":{"line":17,"column":null}},"5":{"start":{"line":16,"column":6},"end":{"line":16,"column":null}},"6":{"start":{"line":18,"column":27},"end":{"line":18,"column":null}},"7":{"start":{"line":20,"column":4},"end":{"line":23,"column":null}},"8":{"start":{"line":21,"column":6},"end":{"line":21,"column":null}},"9":{"start":{"line":21,"column":38},"end":{"line":21,"column":null}},"10":{"start":{"line":22,"column":6},"end":{"line":22,"column":null}},"11":{"start":{"line":26,"column":2},"end":{"line":30,"column":null}},"12":{"start":{"line":26,"column":32},"end":{"line":30,"column":4}},"13":{"start":{"line":36,"column":48},"end":{"line":36,"column":null}},"14":{"start":{"line":38,"column":66},"end":{"line":38,"column":null}},"15":{"start":{"line":39,"column":64},"end":{"line":39,"column":null}},"16":{"start":{"line":41,"column":2},"end":{"line":47,"column":null}},"17":{"start":{"line":42,"column":4},"end":{"line":46,"column":null}},"18":{"start":{"line":43,"column":6},"end":{"line":43,"column":null}},"19":{"start":{"line":44,"column":4},"end":{"line":46,"column":null}},"20":{"start":{"line":45,"column":6},"end":{"line":45,"column":null}},"21":{"start":{"line":50,"column":2},"end":{"line":69,"column":null}},"22":{"start":{"line":50,"column":16},"end":{"line":50,"column":36}},"23":{"start":{"line":51,"column":18},"end":{"line":51,"column":null}},"24":{"start":{"line":52,"column":4},"end":{"line":65,"column":null}},"25":{"start":{"line":52,"column":18},"end":{"line":52,"column":40}},"26":{"start":{"line":53,"column":6},"end":{"line":64,"column":null}},"27":{"start":{"line":54,"column":8},"end":{"line":60,"column":null}},"28":{"start":{"line":61,"column":8},"end":{"line":61,"column":null}},"29":{"start":{"line":62,"column":8},"end":{"line":62,"column":null}},"30":{"start":{"line":63,"column":8},"end":{"line":63,"column":null}},"31":{"start":{"line":66,"column":4},"end":{"line":68,"column":null}},"32":{"start":{"line":67,"column":6},"end":{"line":67,"column":null}},"33":{"start":{"line":72,"column":2},"end":{"line":72,"column":null}},"34":{"start":{"line":72,"column":27},"end":{"line":72,"column":46}},"35":{"start":{"line":73,"column":2},"end":{"line":73,"column":null}},"36":{"start":{"line":73,"column":25},"end":{"line":73,"column":44}},"37":{"start":{"line":75,"column":2},"end":{"line":93,"column":null}},"38":{"start":{"line":76,"column":14},"end":{"line":76,"column":null}},"39":{"start":{"line":77,"column":14},"end":{"line":77,"column":null}},"40":{"start":{"line":78,"column":21},"end":{"line":78,"column":null}},"41":{"start":{"line":80,"column":4},"end":{"line":86,"column":null}},"42":{"start":{"line":88,"column":4},"end":{"line":88,"column":null}},"43":{"start":{"line":89,"column":4},"end":{"line":89,"column":null}},"44":{"start":{"line":91,"column":4},"end":{"line":91,"column":null}},"45":{"start":{"line":91,"column":26},"end":{"line":91,"column":null}},"46":{"start":{"line":92,"column":4},"end":{"line":92,"column":null}},"47":{"start":{"line":92,"column":26},"end":{"line":92,"column":null}},"48":{"start":{"line":95,"column":2},"end":{"line":95,"column":null}}},"fnMap":{"0":{"name":"computeUnifiedBalances","decl":{"start":{"line":3,"column":16},"end":{"line":3,"column":null}},"loc":{"start":{"line":8,"column":20},"end":{"line":31,"column":null}},"line":8},"1":{"name":"(anonymous_1)","decl":{"start":{"line":26,"column":26},"end":{"line":26,"column":32}},"loc":{"start":{"line":26,"column":32},"end":{"line":30,"column":4}},"line":26},"2":{"name":"computeSettlementTransactions","decl":{"start":{"line":33,"column":16},"end":{"line":33,"column":null}},"loc":{"start":{"line":35,"column":27},"end":{"line":96,"column":null}},"line":35},"3":{"name":"(anonymous_3)","decl":{"start":{"line":72,"column":17},"end":{"line":72,"column":18}},"loc":{"start":{"line":72,"column":27},"end":{"line":72,"column":46}},"line":72},"4":{"name":"(anonymous_4)","decl":{"start":{"line":73,"column":15},"end":{"line":73,"column":16}},"loc":{"start":{"line":73,"column":25},"end":{"line":73,"column":44}},"line":73}},"branchMap":{"0":{"loc":{"start":{"line":15,"column":4},"end":{"line":17,"column":null}},"type":"if","locations":[{"start":{"line":15,"column":4},"end":{"line":17,"column":null}},{"start":{},"end":{}}],"line":15},"1":{"loc":{"start":{"line":15,"column":8},"end":{"line":15,"column":91}},"type":"binary-expr","locations":[{"start":{"line":15,"column":8},"end":{"line":15,"column":40}},{"start":{"line":15,"column":40},"end":{"line":15,"column":64}},{"start":{"line":15,"column":64},"end":{"line":15,"column":91}}],"line":15},"2":{"loc":{"start":{"line":18,"column":27},"end":{"line":18,"column":null}},"type":"cond-expr","locations":[{"start":{"line":18,"column":57},"end":{"line":18,"column":61}},{"start":{"line":18,"column":61},"end":{"line":18,"column":null}}],"line":18},"3":{"loc":{"start":{"line":21,"column":6},"end":{"line":21,"column":null}},"type":"if","locations":[{"start":{"line":21,"column":6},"end":{"line":21,"column":null}},{"start":{},"end":{}}],"line":21},"4":{"loc":{"start":{"line":29,"column":25},"end":{"line":29,"column":47}},"type":"binary-expr","locations":[{"start":{"line":29,"column":25},"end":{"line":29,"column":42}},{"start":{"line":29,"column":42},"end":{"line":29,"column":47}}],"line":29},"5":{"loc":{"start":{"line":42,"column":4},"end":{"line":46,"column":null}},"type":"if","locations":[{"start":{"line":42,"column":4},"end":{"line":46,"column":null}},{"start":{"line":44,"column":4},"end":{"line":46,"column":null}}],"line":42},"6":{"loc":{"start":{"line":44,"column":4},"end":{"line":46,"column":null}},"type":"if","locations":[{"start":{"line":44,"column":4},"end":{"line":46,"column":null}},{"start":{},"end":{}}],"line":44},"7":{"loc":{"start":{"line":53,"column":6},"end":{"line":64,"column":null}},"type":"if","locations":[{"start":{"line":53,"column":6},"end":{"line":64,"column":null}},{"start":{},"end":{}}],"line":53},"8":{"loc":{"start":{"line":66,"column":4},"end":{"line":68,"column":null}},"type":"if","locations":[{"start":{"line":66,"column":4},"end":{"line":68,"column":null}},{"start":{},"end":{}}],"line":66},"9":{"loc":{"start":{"line":75,"column":9},"end":{"line":75,"column":53}},"type":"binary-expr","locations":[{"start":{"line":75,"column":9},"end":{"line":75,"column":33}},{"start":{"line":75,"column":33},"end":{"line":75,"column":53}}],"line":75},"10":{"loc":{"start":{"line":91,"column":4},"end":{"line":91,"column":null}},"type":"if","locations":[{"start":{"line":91,"column":4},"end":{"line":91,"column":null}},{"start":{},"end":{}}],"line":91},"11":{"loc":{"start":{"line":92,"column":4},"end":{"line":92,"column":null}},"type":"if","locations":[{"start":{"line":92,"column":4},"end":{"line":92,"column":null}},{"start":{},"end":{}}],"line":92}},"s":{"0":6,"1":6,"2":12,"3":6,"4":7,"5":2,"6":5,"7":7,"8":6,"9":0,"10":6,"11":6,"12":12,"13":7,"14":7,"15":7,"16":7,"17":22,"18":9,"19":13,"20":11,"21":7,"22":7,"23":11,"24":11,"25":11,"26":15,"27":4,"28":4,"29":4,"30":4,"31":11,"32":4,"33":7,"34":1,"35":7,"36":4,"37":7,"38":8,"39":8,"40":8,"41":8,"42":8,"43":8,"44":8,"45":4,"46":8,"47":7,"48":7},"f":{"0":6,"1":12,"2":7,"3":1,"4":4},"b":{"0":[2,5],"1":[7,4,2],"2":[3,2],"3":[0,6],"4":[12,0],"5":[9,13],"6":[11,2],"7":[4,11],"8":[4,7],"9":[7,9],"10":[4,4],"11":[7,1]},"meta":{"lastBranch":12,"lastFunction":5,"lastStatement":49,"seen":{"f:3:16:3:Infinity":0,"s:9:42:9:Infinity":0,"s:10:2:12:Infinity":1,"s:11:4:11:Infinity":2,"s:14:2:24:Infinity":3,"b:15:4:17:Infinity:undefined:undefined:undefined:undefined":0,"s:15:4:17:Infinity":4,"b:15:8:15:40:15:40:15:64:15:64:15:91":1,"s:16:6:16:Infinity":5,"s:18:27:18:Infinity":6,"b:18:57:18:61:18:61:18:Infinity":2,"s:20:4:23:Infinity":7,"b:21:6:21:Infinity:undefined:undefined:undefined:undefined":3,"s:21:6:21:Infinity":8,"s:21:38:21:Infinity":9,"s:22:6:22:Infinity":10,"s:26:2:30:Infinity":11,"f:26:26:26:32":1,"s:26:32:30:4":12,"b:29:25:29:42:29:42:29:47":4,"f:33:16:33:Infinity":2,"s:36:48:36:Infinity":13,"s:38:66:38:Infinity":14,"s:39:64:39:Infinity":15,"s:41:2:47:Infinity":16,"b:42:4:46:Infinity:44:4:46:Infinity":5,"s:42:4:46:Infinity":17,"s:43:6:43:Infinity":18,"b:44:4:46:Infinity:undefined:undefined:undefined:undefined":6,"s:44:4:46:Infinity":19,"s:45:6:45:Infinity":20,"s:50:2:69:Infinity":21,"s:50:16:50:36":22,"s:51:18:51:Infinity":23,"s:52:4:65:Infinity":24,"s:52:18:52:40":25,"b:53:6:64:Infinity:undefined:undefined:undefined:undefined":7,"s:53:6:64:Infinity":26,"s:54:8:60:Infinity":27,"s:61:8:61:Infinity":28,"s:62:8:62:Infinity":29,"s:63:8:63:Infinity":30,"b:66:4:68:Infinity:undefined:undefined:undefined:undefined":8,"s:66:4:68:Infinity":31,"s:67:6:67:Infinity":32,"s:72:2:72:Infinity":33,"f:72:17:72:18":3,"s:72:27:72:46":34,"s:73:2:73:Infinity":35,"f:73:15:73:16":4,"s:73:25:73:44":36,"s:75:2:93:Infinity":37,"b:75:9:75:33:75:33:75:53":9,"s:76:14:76:Infinity":38,"s:77:14:77:Infinity":39,"s:78:21:78:Infinity":40,"s:80:4:86:Infinity":41,"s:88:4:88:Infinity":42,"s:89:4:89:Infinity":43,"b:91:4:91:Infinity:undefined:undefined:undefined:undefined":10,"s:91:4:91:Infinity":44,"s:91:26:91:Infinity":45,"b:92:4:92:Infinity:undefined:undefined:undefined:undefined":11,"s:92:4:92:Infinity":46,"s:92:26:92:Infinity":47,"s:95:2:95:Infinity":48},"fnNames":{}}}
,"/Users/sadeghhp/Projects/Trip-Expense-Tracker/src/lib/engine/shares.ts": {"path":"/Users/sadeghhp/Projects/Trip-Expense-Tracker/src/lib/engine/shares.ts","statementMap":{"0":{"start":{"line":4,"column":2},"end":{"line":4,"column":null}},"1":{"start":{"line":4,"column":35},"end":{"line":4,"column":null}},"2":{"start":{"line":5,"column":17},"end":{"line":11,"column":null}},"3":{"start":{"line":10,"column":46},"end":{"line":10,"column":113}},"4":{"start":{"line":12,"column":19},"end":{"line":12,"column":null}},"5":{"start":{"line":13,"column":16},"end":{"line":13,"column":null}},"6":{"start":{"line":14,"column":21},"end":{"line":14,"column":null}},"7":{"start":{"line":15,"column":16},"end":{"line":15,"column":null}},"8":{"start":{"line":16,"column":2},"end":{"line":16,"column":null}},"9":{"start":{"line":20,"column":55},"end":{"line":20,"column":null}},"10":{"start":{"line":22,"column":2},"end":{"line":24,"column":null}},"11":{"start":{"line":23,"column":4},"end":{"line":23,"column":null}},"12":{"start":{"line":23,"column":34},"end":{"line":23,"column":53}},"13":{"start":{"line":26,"column":2},"end":{"line":41,"column":null}},"14":{"start":{"line":27,"column":19},"end":{"line":29,"column":null}},"15":{"start":{"line":28,"column":6},"end":{"line":28,"column":null}},"16":{"start":{"line":31,"column":19},"end":{"line":31,"column":null}},"17":{"start":{"line":31,"column":54},"end":{"line":31,"column":61}},"18":{"start":{"line":32,"column":20},"end":{"line":32,"column":null}},"19":{"start":{"line":34,"column":4},"end":{"line":38,"column":null}},"20":{"start":{"line":35,"column":23},"end":{"line":35,"column":null}},"21":{"start":{"line":35,"column":52},"end":{"line":35,"column":78}},"22":{"start":{"line":36,"column":24},"end":{"line":36,"column":null}},"23":{"start":{"line":37,"column":6},"end":{"line":37,"column":null}},"24":{"start":{"line":40,"column":4},"end":{"line":40,"column":null}},"25":{"start":{"line":44,"column":16},"end":{"line":44,"column":null}},"26":{"start":{"line":45,"column":21},"end":{"line":45,"column":null}},"27":{"start":{"line":46,"column":25},"end":{"line":46,"column":null}},"28":{"start":{"line":47,"column":25},"end":{"line":47,"column":null}},"29":{"start":{"line":48,"column":19},"end":{"line":48,"column":null}},"30":{"start":{"line":48,"column":48},"end":{"line":48,"column":74}},"31":{"start":{"line":50,"column":2},"end":{"line":69,"column":null}},"32":{"start":{"line":51,"column":16},"end":{"line":51,"column":null}},"33":{"start":{"line":52,"column":4},"end":{"line":67,"column":null}},"34":{"start":{"line":53,"column":6},"end":{"line":66,"column":null}},"35":{"start":{"line":54,"column":8},"end":{"line":61,"column":null}},"36":{"start":{"line":55,"column":10},"end":{"line":55,"column":null}},"37":{"start":{"line":57,"column":22},"end":{"line":57,"column":null}},"38":{"start":{"line":58,"column":10},"end":{"line":60,"column":null}},"39":{"start":{"line":59,"column":12},"end":{"line":59,"column":null}},"40":{"start":{"line":63,"column":8},"end":{"line":65,"column":null}},"41":{"start":{"line":64,"column":10},"end":{"line":64,"column":null}},"42":{"start":{"line":68,"column":4},"end":{"line":68,"column":null}}},"fnMap":{"0":{"name":"getEqualSharePreview","decl":{"start":{"line":3,"column":16},"end":{"line":3,"column":37}},"loc":{"start":{"line":3,"column":130},"end":{"line":17,"column":null}},"line":3},"1":{"name":"(anonymous_1)","decl":{"start":{"line":10,"column":38},"end":{"line":10,"column":46}},"loc":{"start":{"line":10,"column":46},"end":{"line":10,"column":113}},"line":10},"2":{"name":"getBeneficiaryShares","decl":{"start":{"line":19,"column":16},"end":{"line":19,"column":37}},"loc":{"start":{"line":19,"column":65},"end":{"line":70,"column":null}},"line":19},"3":{"name":"(anonymous_3)","decl":{"start":{"line":23,"column":29},"end":{"line":23,"column":34}},"loc":{"start":{"line":23,"column":34},"end":{"line":23,"column":53}},"line":23},"4":{"name":"(anonymous_4)","decl":{"start":{"line":27,"column":37},"end":{"line":27,"column":null}},"loc":{"start":{"line":28,"column":6},"end":{"line":28,"column":null}},"line":28},"5":{"name":"(anonymous_5)","decl":{"start":{"line":31,"column":44},"end":{"line":31,"column":45}},"loc":{"start":{"line":31,"column":54},"end":{"line":31,"column":61}},"line":31},"6":{"name":"(anonymous_6)","decl":{"start":{"line":35,"column":47},"end":{"line":35,"column":52}},"loc":{"start":{"line":35,"column":52},"end":{"line":35,"column":78}},"line":35},"7":{"name":"(anonymous_7)","decl":{"start":{"line":48,"column":43},"end":{"line":48,"column":48}},"loc":{"start":{"line":48,"column":48},"end":{"line":48,"column":74}},"line":48},"8":{"name":"(anonymous_8)","decl":{"start":{"line":50,"column":27},"end":{"line":50,"column":28}},"loc":{"start":{"line":50,"column":37},"end":{"line":69,"column":3}},"line":50}},"branchMap":{"0":{"loc":{"start":{"line":4,"column":2},"end":{"line":4,"column":null}},"type":"if","locations":[{"start":{"line":4,"column":2},"end":{"line":4,"column":null}},{"start":{},"end":{}}],"line":4},"1":{"loc":{"start":{"line":13,"column":23},"end":{"line":13,"column":51}},"type":"cond-expr","locations":[{"start":{"line":13,"column":39},"end":{"line":13,"column":50}},{"start":{"line":13,"column":50},"end":{"line":13,"column":51}}],"line":13},"2":{"loc":{"start":{"line":22,"column":2},"end":{"line":24,"column":null}},"type":"if","locations":[{"start":{"line":22,"column":2},"end":{"line":24,"column":null}},{"start":{},"end":{}}],"line":22},"3":{"loc":{"start":{"line":23,"column":34},"end":{"line":23,"column":53}},"type":"binary-expr","locations":[{"start":{"line":23,"column":34},"end":{"line":23,"column":52}},{"start":{"line":23,"column":52},"end":{"line":23,"column":53}}],"line":23},"4":{"loc":{"start":{"line":26,"column":2},"end":{"line":41,"column":null}},"type":"if","locations":[{"start":{"line":26,"column":2},"end":{"line":41,"column":null}},{"start":{},"end":{}}],"line":26},"5":{"loc":{"start":{"line":28,"column":27},"end":{"line":28,"column":51}},"type":"binary-expr","locations":[{"start":{"line":28,"column":27},"end":{"line":28,"column":49}},{"start":{"line":28,"column":49},"end":{"line":28,"column":51}}],"line":28},"6":{"loc":{"start":{"line":34,"column":4},"end":{"line":38,"column":null}},"type":"if","locations":[{"start":{"line":34,"column":4},"end":{"line":38,"column":null}},{"start":{},"end":{}}],"line":34},"7":{"loc":{"start":{"line":36,"column":24},"end":{"line":36,"column":null}},"type":"cond-expr","locations":[{"start":{"line":36,"column":40},"end":{"line":36,"column":51}},{"start":{"line":36,"column":51},"end":{"line":36,"column":null}}],"line":36},"8":{"loc":{"start":{"line":52,"column":4},"end":{"line":67,"column":null}},"type":"if","locations":[{"start":{"line":52,"column":4},"end":{"line":67,"column":null}},{"start":{},"end":{}}],"line":52},"9":{"loc":{"start":{"line":53,"column":6},"end":{"line":66,"column":null}},"type":"if","locations":[{"start":{"line":53,"column":6},"end":{"line":66,"column":null}},{"start":{"line":62,"column":13},"end":{"line":66,"column":null}}],"line":53},"10":{"loc":{"start":{"line":54,"column":8},"end":{"line":61,"column":null}},"type":"if","locations":[{"start":{"line":54,"column":8},"end":{"line":61,"column":null}},{"start":{"line":56,"column":15},"end":{"line":61,"column":null}}],"line":54},"11":{"loc":{"start":{"line":57,"column":22},"end":{"line":57,"column":null}},"type":"cond-expr","locations":[{"start":{"line":57,"column":37},"end":{"line":57,"column":41}},{"start":{"line":57,"column":41},"end":{"line":57,"column":null}}],"line":57},"12":{"loc":{"start":{"line":58,"column":10},"end":{"line":60,"column":null}},"type":"if","locations":[{"start":{"line":58,"column":10},"end":{"line":60,"column":null}},{"start":{},"end":{}}],"line":58},"13":{"loc":{"start":{"line":63,"column":8},"end":{"line":65,"column":null}},"type":"if","locations":[{"start":{"line":63,"column":8},"end":{"line":65,"column":null}},{"start":{},"end":{}}],"line":63}},"s":{"0":6,"1":1,"2":5,"3":13,"4":5,"5":5,"6":6,"7":6,"8":6,"9":32,"10":32,"11":3,"12":6,"13":29,"14":5,"15":12,"16":5,"17":12,"18":5,"19":5,"20":0,"21":0,"22":0,"23":0,"24":5,"25":24,"26":24,"27":24,"28":24,"29":24,"30":38,"31":24,"32":66,"33":66,"34":31,"35":25,"36":7,"37":18,"38":18,"39":1,"40":6,"41":2,"42":66},"f":{"0":6,"1":13,"2":32,"3":6,"4":12,"5":12,"6":0,"7":38,"8":66},"b":{"0":[1,5],"1":[4,1],"2":[3,29],"3":[6,1],"4":[5,24],"5":[12,1],"6":[0,5],"7":[0,0],"8":[31,35],"9":[25,6],"10":[7,18],"11":[3,15],"12":[1,17],"13":[2,4]},"meta":{"lastBranch":14,"lastFunction":9,"lastStatement":43,"seen":{"f:3:16:3:37":0,"b:4:2:4:Infinity:undefined:undefined:undefined:undefined":0,"s:4:2:4:Infinity":0,"s:4:35:4:Infinity":1,"s:5:17:11:Infinity":2,"f:10:38:10:46":1,"s:10:46:10:113":3,"s:12:19:12:Infinity":4,"s:13:16:13:Infinity":5,"b:13:39:13:50:13:50:13:51":1,"s:14:21:14:Infinity":6,"s:15:16:15:Infinity":7,"s:16:2:16:Infinity":8,"f:19:16:19:37":2,"s:20:55:20:Infinity":9,"b:22:2:24:Infinity:undefined:undefined:undefined:undefined":2,"s:22:2:24:Infinity":10,"s:23:4:23:Infinity":11,"f:23:29:23:34":3,"s:23:34:23:53":12,"b:23:34:23:52:23:52:23:53":3,"b:26:2:41:Infinity:undefined:undefined:undefined:undefined":4,"s:26:2:41:Infinity":13,"s:27:19:29:Infinity":14,"f:27:37:27:Infinity":4,"s:28:6:28:Infinity":15,"b:28:27:28:49:28:49:28:51":5,"s:31:19:31:Infinity":16,"f:31:44:31:45":5,"s:31:54:31:61":17,"s:32:20:32:Infinity":18,"b:34:4:38:Infinity:undefined:undefined:undefined:undefined":6,"s:34:4:38:Infinity":19,"s:35:23:35:Infinity":20,"f:35:47:35:52":6,"s:35:52:35:78":21,"s:36:24:36:Infinity":22,"b:36:40:36:51:36:51:36:Infinity":7,"s:37:6:37:Infinity":23,"s:40:4:40:Infinity":24,"s:44:16:44:Infinity":25,"s:45:21:45:Infinity":26,"s:46:25:46:Infinity":27,"s:47:25:47:Infinity":28,"s:48:19:48:Infinity":29,"f:48:43:48:48":7,"s:48:48:48:74":30,"s:50:2:69:Infinity":31,"f:50:27:50:28":8,"s:51:16:51:Infinity":32,"b:52:4:67:Infinity:undefined:undefined:undefined:undefined":8,"s:52:4:67:Infinity":33,"b:53:6:66:Infinity:62:13:66:Infinity":9,"s:53:6:66:Infinity":34,"b:54:8:61:Infinity:56:15:61:Infinity":10,"s:54:8:61:Infinity":35,"s:55:10:55:Infinity":36,"s:57:22:57:Infinity":37,"b:57:37:57:41:57:41:57:Infinity":11,"b:58:10:60:Infinity:undefined:undefined:undefined:undefined":12,"s:58:10:60:Infinity":38,"s:59:12:59:Infinity":39,"b:63:8:65:Infinity:undefined:undefined:undefined:undefined":13,"s:63:8:65:Infinity":40,"s:64:10:64:Infinity":41,"s:68:4:68:Infinity":42},"fnNames":{}}}
,"/Users/sadeghhp/Projects/Trip-Expense-Tracker/src/lib/i18n/index.ts": {"path":"/Users/sadeghhp/Projects/Trip-Expense-Tracker/src/lib/i18n/index.ts","statementMap":{"0":{"start":{"line":8,"column":33},"end":{"line":8,"column":null}},"1":{"start":{"line":9,"column":58},"end":{"line":9,"column":null}},"2":{"start":{"line":11,"column":22},"end":{"line":11,"column":null}},"3":{"start":{"line":14,"column":2},"end":{"line":14,"column":null}},"4":{"start":{"line":14,"column":39},"end":{"line":14,"column":null}},"5":{"start":{"line":15,"column":14},"end":{"line":15,"column":null}},"6":{"start":{"line":16,"column":2},"end":{"line":16,"column":null}},"7":{"start":{"line":17,"column":2},"end":{"line":17,"column":null}},"8":{"start":{"line":19,"column":2},"end":{"line":25,"column":null}},"9":{"start":{"line":20,"column":17},"end":{"line":20,"column":null}},"10":{"start":{"line":21,"column":4},"end":{"line":21,"column":null}},"11":{"start":{"line":22,"column":4},"end":{"line":22,"column":null}},"12":{"start":{"line":23,"column":4},"end":{"line":23,"column":null}},"13":{"start":{"line":24,"column":4},"end":{"line":24,"column":null}},"14":{"start":{"line":29,"column":2},"end":{"line":29,"column":null}},"15":{"start":{"line":29,"column":43},"end":{"line":29,"column":null}},"16":{"start":{"line":30,"column":2},"end":{"line":38,"column":null}},"17":{"start":{"line":31,"column":16},"end":{"line":31,"column":null}},"18":{"start":{"line":32,"column":4},"end":{"line":35,"column":null}},"19":{"start":{"line":33,"column":21},"end":{"line":33,"column":null}},"20":{"start":{"line":34,"column":6},"end":{"line":34,"column":null}},"21":{"start":{"line":34,"column":34},"end":{"line":34,"column":null}},"22":{"start":{"line":36,"column":19},"end":{"line":36,"column":null}},"23":{"start":{"line":37,"column":4},"end":{"line":37,"column":null}},"24":{"start":{"line":37,"column":25},"end":{"line":37,"column":null}},"25":{"start":{"line":39,"column":2},"end":{"line":39,"column":null}},"26":{"start":{"line":42,"column":22},"end":{"line":42,"column":null}},"27":{"start":{"line":43,"column":0},"end":{"line":45,"column":null}},"28":{"start":{"line":44,"column":2},"end":{"line":44,"column":null}},"29":{"start":{"line":47,"column":13},"end":{"line":47,"column":null}},"30":{"start":{"line":49,"column":0},"end":{"line":51,"column":null}},"31":{"start":{"line":50,"column":2},"end":{"line":50,"column":null}},"32":{"start":{"line":53,"column":13},"end":{"line":55,"column":null}},"33":{"start":{"line":54,"column":2},"end":{"line":54,"column":null}},"34":{"start":{"line":57,"column":13},"end":{"line":57,"column":null}},"35":{"start":{"line":57,"column":44},"end":{"line":57,"column":58}},"36":{"start":{"line":60,"column":2},"end":{"line":60,"column":null}},"37":{"start":{"line":60,"column":46},"end":{"line":60,"column":58}},"38":{"start":{"line":63,"column":13},"end":{"line":73,"column":null}},"39":{"start":{"line":64,"column":2},"end":{"line":72,"column":null}},"40":{"start":{"line":65,"column":15},"end":{"line":65,"column":null}},"41":{"start":{"line":66,"column":4},"end":{"line":70,"column":null}},"42":{"start":{"line":67,"column":6},"end":{"line":69,"column":null}},"43":{"start":{"line":68,"column":8},"end":{"line":68,"column":null}},"44":{"start":{"line":71,"column":4},"end":{"line":71,"column":null}},"45":{"start":{"line":76,"column":2},"end":{"line":76,"column":null}}},"fnMap":{"0":{"name":"applyDirection","decl":{"start":{"line":13,"column":9},"end":{"line":13,"column":24}},"loc":{"start":{"line":13,"column":43},"end":{"line":26,"column":null}},"line":13},"1":{"name":"loadInitialLocale","decl":{"start":{"line":28,"column":9},"end":{"line":28,"column":37}},"loc":{"start":{"line":28,"column":37},"end":{"line":40,"column":null}},"line":28},"2":{"name":"(anonymous_2)","decl":{"start":{"line":49,"column":17},"end":{"line":49,"column":18}},"loc":{"start":{"line":49,"column":24},"end":{"line":51,"column":1}},"line":49},"3":{"name":"(anonymous_3)","decl":{"start":{"line":53,"column":35},"end":{"line":53,"column":36}},"loc":{"start":{"line":54,"column":2},"end":{"line":54,"column":null}},"line":54},"4":{"name":"(anonymous_4)","decl":{"start":{"line":57,"column":34},"end":{"line":57,"column":35}},"loc":{"start":{"line":57,"column":44},"end":{"line":57,"column":58}},"line":57},"5":{"name":"resolve","decl":{"start":{"line":59,"column":9},"end":{"line":59,"column":17}},"loc":{"start":{"line":59,"column":61},"end":{"line":61,"column":null}},"line":59},"6":{"name":"(anonymous_6)","decl":{"start":{"line":60,"column":32},"end":{"line":60,"column":33}},"loc":{"start":{"line":60,"column":46},"end":{"line":60,"column":58}},"line":60},"7":{"name":"(anonymous_7)","decl":{"start":{"line":63,"column":33},"end":{"line":63,"column":34}},"loc":{"start":{"line":63,"column":46},"end":{"line":73,"column":1}},"line":63},"8":{"name":"(anonymous_8)","decl":{"start":{"line":64,"column":9},"end":{"line":64,"column":10}},"loc":{"start":{"line":64,"column":76},"end":{"line":72,"column":null}},"line":64},"9":{"name":"(anonymous_9)","decl":{"start":{"line":67,"column":37},"end":{"line":67,"column":38}},"loc":{"start":{"line":67,"column":49},"end":{"line":69,"column":7}},"line":67},"10":{"name":"setLocale","decl":{"start":{"line":75,"column":16},"end":{"line":75,"column":26}},"loc":{"start":{"line":75,"column":43},"end":{"line":77,"column":null}},"line":75}},"branchMap":{"0":{"loc":{"start":{"line":14,"column":2},"end":{"line":14,"column":null}},"type":"if","locations":[{"start":{"line":14,"column":2},"end":{"line":14,"column":null}},{"start":{},"end":{}}],"line":14},"1":{"loc":{"start":{"line":15,"column":14},"end":{"line":15,"column":null}},"type":"cond-expr","locations":[{"start":{"line":15,"column":37},"end":{"line":15,"column":45}},{"start":{"line":15,"column":45},"end":{"line":15,"column":null}}],"line":15},"2":{"loc":{"start":{"line":19,"column":2},"end":{"line":25,"column":null}},"type":"if","locations":[{"start":{"line":19,"column":2},"end":{"line":25,"column":null}},{"start":{},"end":{}}],"line":19},"3":{"loc":{"start":{"line":19,"column":6},"end":{"line":19,"column":67}},"type":"binary-expr","locations":[{"start":{"line":19,"column":6},"end":{"line":19,"column":23}},{"start":{"line":19,"column":23},"end":{"line":19,"column":67}}],"line":19},"4":{"loc":{"start":{"line":29,"column":2},"end":{"line":29,"column":null}},"type":"if","locations":[{"start":{"line":29,"column":2},"end":{"line":29,"column":null}},{"start":{},"end":{}}],"line":29},"5":{"loc":{"start":{"line":32,"column":4},"end":{"line":35,"column":null}},"type":"if","locations":[{"start":{"line":32,"column":4},"end":{"line":35,"column":null}},{"start":{},"end":{}}],"line":32},"6":{"loc":{"start":{"line":34,"column":6},"end":{"line":34,"column":null}},"type":"if","locations":[{"start":{"line":34,"column":6},"end":{"line":34,"column":null}},{"start":{},"end":{}}],"line":34},"7":{"loc":{"start":{"line":37,"column":4},"end":{"line":37,"column":null}},"type":"if","locations":[{"start":{"line":37,"column":4},"end":{"line":37,"column":null}},{"start":{},"end":{}}],"line":37},"8":{"loc":{"start":{"line":43,"column":0},"end":{"line":45,"column":null}},"type":"if","locations":[{"start":{"line":43,"column":0},"end":{"line":45,"column":null}},{"start":{},"end":{}}],"line":43},"9":{"loc":{"start":{"line":54,"column":2},"end":{"line":54,"column":null}},"type":"cond-expr","locations":[{"start":{"line":54,"column":29},"end":{"line":54,"column":37}},{"start":{"line":54,"column":37},"end":{"line":54,"column":null}}],"line":54},"10":{"loc":{"start":{"line":65,"column":15},"end":{"line":65,"column":null}},"type":"binary-expr","locations":[{"start":{"line":65,"column":15},"end":{"line":65,"column":54}},{"start":{"line":65,"column":54},"end":{"line":65,"column":90}},{"start":{"line":65,"column":90},"end":{"line":65,"column":null}}],"line":65},"11":{"loc":{"start":{"line":66,"column":4},"end":{"line":70,"column":null}},"type":"if","locations":[{"start":{"line":66,"column":4},"end":{"line":70,"column":null}},{"start":{},"end":{}}],"line":66}},"s":{"0":1,"1":1,"2":1,"3":7,"4":0,"5":7,"6":7,"7":7,"8":7,"9":1,"10":1,"11":1,"12":1,"13":1,"14":1,"15":0,"16":1,"17":1,"18":1,"19":0,"20":0,"21":0,"22":1,"23":1,"24":0,"25":1,"26":1,"27":1,"28":1,"29":1,"30":1,"31":6,"32":1,"33":4,"34":1,"35":2,"36":5,"37":12,"38":1,"39":4,"40":4,"41":4,"42":1,"43":2,"44":4,"45":14},"f":{"0":7,"1":1,"2":6,"3":4,"4":2,"5":5,"6":12,"7":4,"8":4,"9":2,"10":14},"b":{"0":[0,7],"1":[3,4],"2":[1,6],"3":[7,3],"4":[0,1],"5":[0,1],"6":[0,0],"7":[0,1],"8":[1,0],"9":[2,2],"10":[4,1,1],"11":[1,3]},"meta":{"lastBranch":12,"lastFunction":11,"lastStatement":46,"seen":{"s:8:33:8:Infinity":0,"s:9:58:9:Infinity":1,"s:11:22:11:Infinity":2,"f:13:9:13:24":0,"b:14:2:14:Infinity:undefined:undefined:undefined:undefined":0,"s:14:2:14:Infinity":3,"s:14:39:14:Infinity":4,"s:15:14:15:Infinity":5,"b:15:37:15:45:15:45:15:Infinity":1,"s:16:2:16:Infinity":6,"s:17:2:17:Infinity":7,"b:19:2:25:Infinity:undefined:undefined:undefined:undefined":2,"s:19:2:25:Infinity":8,"b:19:6:19:23:19:23:19:67":3,"s:20:17:20:Infinity":9,"s:21:4:21:Infinity":10,"s:22:4:22:Infinity":11,"s:23:4:23:Infinity":12,"s:24:4:24:Infinity":13,"f:28:9:28:37":1,"b:29:2:29:Infinity:undefined:undefined:undefined:undefined":4,"s:29:2:29:Infinity":14,"s:29:43:29:Infinity":15,"s:30:2:38:Infinity":16,"s:31:16:31:Infinity":17,"b:32:4:35:Infinity:undefined:undefined:undefined:undefined":5,"s:32:4:35:Infinity":18,"s:33:21:33:Infinity":19,"b:34:6:34:Infinity:undefined:undefined:undefined:undefined":6,"s:34:6:34:Infinity":20,"s:34:34:34:Infinity":21,"s:36:19:36:Infinity":22,"b:37:4:37:Infinity:undefined:undefined:undefined:undefined":7,"s:37:4:37:Infinity":23,"s:37:25:37:Infinity":24,"s:39:2:39:Infinity":25,"s:42:22:42:Infinity":26,"b:43:0:45:Infinity:undefined:undefined:undefined:undefined":8,"s:43:0:45:Infinity":27,"s:44:2:44:Infinity":28,"s:47:13:47:Infinity":29,"s:49:0:51:Infinity":30,"f:49:17:49:18":2,"s:50:2:50:Infinity":31,"s:53:13:55:Infinity":32,"f:53:35:53:36":3,"s:54:2:54:Infinity":33,"b:54:29:54:37:54:37:54:Infinity":9,"s:57:13:57:Infinity":34,"f:57:34:57:35":4,"s:57:44:57:58":35,"f:59:9:59:17":5,"s:60:2:60:Infinity":36,"f:60:32:60:33":6,"s:60:46:60:58":37,"s:63:13:73:Infinity":38,"f:63:33:63:34":7,"s:64:2:72:Infinity":39,"f:64:9:64:10":8,"s:65:15:65:Infinity":40,"b:65:15:65:54:65:54:65:90:65:90:65:Infinity":10,"b:66:4:70:Infinity:undefined:undefined:undefined:undefined":11,"s:66:4:70:Infinity":41,"s:67:6:69:Infinity":42,"f:67:37:67:38":9,"s:68:8:68:Infinity":43,"s:71:4:71:Infinity":44,"f:75:16:75:26":10,"s:76:2:76:Infinity":45},"fnNames":{}}}
,"/Users/sadeghhp/Projects/Trip-Expense-Tracker/src/lib/services/barcodeScanner.ts": {"path":"/Users/sadeghhp/Projects/Trip-Expense-Tracker/src/lib/services/barcodeScanner.ts","statementMap":{"0":{"start":{"line":11,"column":71},"end":{"line":11,"column":null}},"1":{"start":{"line":14,"column":2},"end":{"line":16,"column":null}},"2":{"start":{"line":15,"column":4},"end":{"line":15,"column":null}},"3":{"start":{"line":17,"column":2},"end":{"line":17,"column":null}},"4":{"start":{"line":20,"column":24},"end":{"line":20,"column":null}},"5":{"start":{"line":23,"column":2},"end":{"line":62,"column":null}},"6":{"start":{"line":24,"column":29},"end":{"line":24,"column":null}},"7":{"start":{"line":27,"column":4},"end":{"line":45,"column":null}},"8":{"start":{"line":28,"column":6},"end":{"line":28,"column":null}},"9":{"start":{"line":30,"column":18},"end":{"line":30,"column":null}},"10":{"start":{"line":31,"column":6},"end":{"line":35,"column":null}},"11":{"start":{"line":32,"column":8},"end":{"line":32,"column":null}},"12":{"start":{"line":32,"column":27},"end":{"line":32,"column":null}},"13":{"start":{"line":33,"column":8},"end":{"line":33,"column":null}},"14":{"start":{"line":33,"column":28},"end":{"line":33,"column":null}},"15":{"start":{"line":34,"column":8},"end":{"line":34,"column":null}},"16":{"start":{"line":37,"column":20},"end":{"line":37,"column":null}},"17":{"start":{"line":38,"column":21},"end":{"line":38,"column":null}},"18":{"start":{"line":39,"column":6},"end":{"line":39,"column":null}},"19":{"start":{"line":40,"column":6},"end":{"line":40,"column":null}},"20":{"start":{"line":41,"column":18},"end":{"line":41,"column":null}},"21":{"start":{"line":42,"column":6},"end":{"line":42,"column":null}},"22":{"start":{"line":42,"column":16},"end":{"line":42,"column":null}},"23":{"start":{"line":43,"column":6},"end":{"line":43,"column":null}},"24":{"start":{"line":44,"column":6},"end":{"line":44,"column":null}},"25":{"start":{"line":47,"column":20},"end":{"line":51,"column":null}},"26":{"start":{"line":53,"column":4},"end":{"line":58,"column":null}},"27":{"start":{"line":54,"column":19},"end":{"line":54,"column":28}},"28":{"start":{"line":55,"column":17},"end":{"line":58,"column":8}},"29":{"start":{"line":60,"column":4},"end":{"line":60,"column":null}},"30":{"start":{"line":61,"column":4},"end":{"line":61,"column":null}},"31":{"start":{"line":66,"column":2},"end":{"line":70,"column":null}},"32":{"start":{"line":67,"column":4},"end":{"line":67,"column":null}},"33":{"start":{"line":67,"column":37},"end":{"line":67,"column":null}},"34":{"start":{"line":68,"column":19},"end":{"line":68,"column":null}},"35":{"start":{"line":69,"column":4},"end":{"line":69,"column":null}},"36":{"start":{"line":69,"column":16},"end":{"line":69,"column":null}},"37":{"start":{"line":71,"column":2},"end":{"line":71,"column":null}},"38":{"start":{"line":76,"column":21},"end":{"line":76,"column":null}},"39":{"start":{"line":77,"column":2},"end":{"line":77,"column":null}},"40":{"start":{"line":77,"column":18},"end":{"line":77,"column":null}},"41":{"start":{"line":80,"column":24},"end":{"line":80,"column":null}},"42":{"start":{"line":81,"column":2},"end":{"line":81,"column":null}},"43":{"start":{"line":81,"column":21},"end":{"line":81,"column":null}},"44":{"start":{"line":84,"column":19},"end":{"line":84,"column":null}},"45":{"start":{"line":85,"column":2},"end":{"line":85,"column":null}},"46":{"start":{"line":85,"column":16},"end":{"line":85,"column":null}},"47":{"start":{"line":87,"column":2},"end":{"line":87,"column":null}},"48":{"start":{"line":91,"column":2},"end":{"line":110,"column":null}},"49":{"start":{"line":92,"column":17},"end":{"line":92,"column":null}},"50":{"start":{"line":93,"column":4},"end":{"line":93,"column":null}},"51":{"start":{"line":93,"column":51},"end":{"line":93,"column":null}},"52":{"start":{"line":95,"column":33},"end":{"line":95,"column":null}},"53":{"start":{"line":96,"column":4},"end":{"line":96,"column":null}},"54":{"start":{"line":96,"column":60},"end":{"line":96,"column":null}},"55":{"start":{"line":97,"column":4},"end":{"line":97,"column":null}},"56":{"start":{"line":97,"column":70},"end":{"line":97,"column":null}},"57":{"start":{"line":98,"column":4},"end":{"line":98,"column":null}},"58":{"start":{"line":98,"column":58},"end":{"line":98,"column":null}},"59":{"start":{"line":100,"column":4},"end":{"line":102,"column":null}},"60":{"start":{"line":101,"column":6},"end":{"line":101,"column":null}},"61":{"start":{"line":103,"column":4},"end":{"line":103,"column":null}},"62":{"start":{"line":103,"column":40},"end":{"line":103,"column":null}},"63":{"start":{"line":104,"column":4},"end":{"line":104,"column":null}},"64":{"start":{"line":104,"column":43},"end":{"line":104,"column":null}},"65":{"start":{"line":106,"column":4},"end":{"line":106,"column":null}},"66":{"start":{"line":106,"column":42},"end":{"line":106,"column":null}},"67":{"start":{"line":107,"column":4},"end":{"line":107,"column":null}},"68":{"start":{"line":109,"column":4},"end":{"line":109,"column":null}},"69":{"start":{"line":114,"column":2},"end":{"line":114,"column":null}},"70":{"start":{"line":114,"column":43},"end":{"line":114,"column":null}},"71":{"start":{"line":115,"column":2},"end":{"line":120,"column":null}},"72":{"start":{"line":116,"column":15},"end":{"line":116,"column":null}},"73":{"start":{"line":117,"column":15},"end":{"line":117,"column":null}},"74":{"start":{"line":118,"column":15},"end":{"line":118,"column":null}},"75":{"start":{"line":119,"column":4},"end":{"line":119,"column":null}},"76":{"start":{"line":119,"column":39},"end":{"line":119,"column":null}},"77":{"start":{"line":121,"column":2},"end":{"line":121,"column":null}},"78":{"start":{"line":125,"column":25},"end":{"line":125,"column":null}},"79":{"start":{"line":126,"column":23},"end":{"line":126,"column":null}},"80":{"start":{"line":126,"column":48},"end":{"line":126,"column":64}},"81":{"start":{"line":128,"column":2},"end":{"line":159,"column":null}},"82":{"start":{"line":129,"column":18},"end":{"line":129,"column":null}},"83":{"start":{"line":130,"column":4},"end":{"line":157,"column":null}},"84":{"start":{"line":131,"column":35},"end":{"line":131,"column":null}},"85":{"start":{"line":132,"column":24},"end":{"line":132,"column":null}},"86":{"start":{"line":134,"column":6},"end":{"line":139,"column":null}},"87":{"start":{"line":134,"column":19},"end":{"line":134,"column":22}},"88":{"start":{"line":135,"column":8},"end":{"line":138,"column":null}},"89":{"start":{"line":136,"column":10},"end":{"line":136,"column":null}},"90":{"start":{"line":137,"column":10},"end":{"line":137,"column":null}},"91":{"start":{"line":141,"column":23},"end":{"line":141,"column":null}},"92":{"start":{"line":142,"column":6},"end":{"line":149,"column":null}},"93":{"start":{"line":142,"column":19},"end":{"line":142,"column":22}},"94":{"start":{"line":143,"column":8},"end":{"line":143,"column":null}},"95":{"start":{"line":143,"column":30},"end":{"line":143,"column":null}},"96":{"start":{"line":144,"column":8},"end":{"line":144,"column":null}},"97":{"start":{"line":144,"column":38},"end":{"line":144,"column":null}},"98":{"start":{"line":145,"column":20},"end":{"line":145,"column":null}},"99":{"start":{"line":146,"column":8},"end":{"line":148,"column":null}},"100":{"start":{"line":147,"column":10},"end":{"line":147,"column":null}},"101":{"start":{"line":151,"column":6},"end":{"line":151,"column":null}},"102":{"start":{"line":151,"column":26},"end":{"line":151,"column":null}},"103":{"start":{"line":152,"column":6},"end":{"line":156,"column":null}},"104":{"start":{"line":153,"column":8},"end":{"line":153,"column":null}},"105":{"start":{"line":154,"column":8},"end":{"line":154,"column":null}},"106":{"start":{"line":155,"column":8},"end":{"line":155,"column":null}},"107":{"start":{"line":158,"column":4},"end":{"line":158,"column":null}},"108":{"start":{"line":161,"column":2},"end":{"line":178,"column":null}},"109":{"start":{"line":162,"column":16},"end":{"line":162,"column":null}},"110":{"start":{"line":163,"column":33},"end":{"line":163,"column":null}},"111":{"start":{"line":165,"column":15},"end":{"line":165,"column":null}},"112":{"start":{"line":166,"column":4},"end":{"line":166,"column":null}},"113":{"start":{"line":166,"column":12},"end":{"line":166,"column":null}},"114":{"start":{"line":168,"column":24},"end":{"line":168,"column":null}},"115":{"start":{"line":169,"column":4},"end":{"line":172,"column":null}},"116":{"start":{"line":170,"column":18},"end":{"line":170,"column":null}},"117":{"start":{"line":171,"column":6},"end":{"line":171,"column":null}},"118":{"start":{"line":171,"column":34},"end":{"line":171,"column":null}},"119":{"start":{"line":174,"column":4},"end":{"line":174,"column":null}},"120":{"start":{"line":174,"column":41},"end":{"line":174,"column":null}},"121":{"start":{"line":175,"column":4},"end":{"line":175,"column":null}},"122":{"start":{"line":177,"column":4},"end":{"line":177,"column":null}},"123":{"start":{"line":182,"column":16},"end":{"line":182,"column":null}},"124":{"start":{"line":183,"column":2},"end":{"line":183,"column":null}},"125":{"start":{"line":183,"column":24},"end":{"line":183,"column":null}},"126":{"start":{"line":185,"column":31},"end":{"line":185,"column":null}},"127":{"start":{"line":186,"column":2},"end":{"line":207,"column":null}},"128":{"start":{"line":187,"column":18},"end":{"line":187,"column":null}},"129":{"start":{"line":188,"column":4},"end":{"line":188,"column":null}},"130":{"start":{"line":188,"column":16},"end":{"line":188,"column":null}},"131":{"start":{"line":189,"column":16},"end":{"line":189,"column":null}},"132":{"start":{"line":190,"column":18},"end":{"line":190,"column":null}},"133":{"start":{"line":192,"column":4},"end":{"line":195,"column":null}},"134":{"start":{"line":193,"column":18},"end":{"line":193,"column":null}},"135":{"start":{"line":194,"column":6},"end":{"line":194,"column":null}},"136":{"start":{"line":194,"column":34},"end":{"line":194,"column":null}},"137":{"start":{"line":196,"column":4},"end":{"line":200,"column":null}},"138":{"start":{"line":197,"column":6},"end":{"line":199,"column":null}},"139":{"start":{"line":198,"column":8},"end":{"line":198,"column":null}},"140":{"start":{"line":201,"column":4},"end":{"line":203,"column":null}},"141":{"start":{"line":202,"column":6},"end":{"line":202,"column":null}},"142":{"start":{"line":204,"column":4},"end":{"line":206,"column":null}},"143":{"start":{"line":205,"column":6},"end":{"line":205,"column":null}},"144":{"start":{"line":209,"column":2},"end":{"line":209,"column":null}},"145":{"start":{"line":209,"column":40},"end":{"line":209,"column":null}},"146":{"start":{"line":210,"column":2},"end":{"line":210,"column":null}}},"fnMap":{"0":{"name":"getReader","decl":{"start":{"line":13,"column":9},"end":{"line":13,"column":21}},"loc":{"start":{"line":13,"column":21},"end":{"line":18,"column":null}},"line":13},"1":{"name":"scanBarcodesFromImage","decl":{"start":{"line":22,"column":22},"end":{"line":22,"column":44}},"loc":{"start":{"line":22,"column":97},"end":{"line":63,"column":null}},"line":22},"2":{"name":"(anonymous_2)","decl":{"start":{"line":31,"column":30},"end":{"line":31,"column":31}},"loc":{"start":{"line":31,"column":51},"end":{"line":35,"column":7}},"line":31},"3":{"name":"(anonymous_3)","decl":{"start":{"line":32,"column":21},"end":{"line":32,"column":27}},"loc":{"start":{"line":32,"column":27},"end":{"line":32,"column":null}},"line":32},"4":{"name":"(anonymous_4)","decl":{"start":{"line":33,"column":22},"end":{"line":33,"column":28}},"loc":{"start":{"line":33,"column":28},"end":{"line":33,"column":null}},"line":33},"5":{"name":"(anonymous_5)","decl":{"start":{"line":54,"column":14},"end":{"line":54,"column":19}},"loc":{"start":{"line":54,"column":19},"end":{"line":54,"column":28}},"line":54},"6":{"name":"(anonymous_6)","decl":{"start":{"line":55,"column":11},"end":{"line":55,"column":17}},"loc":{"start":{"line":55,"column":17},"end":{"line":58,"column":8}},"line":55},"7":{"name":"parseReceiptQR","decl":{"start":{"line":65,"column":16},"end":{"line":65,"column":31}},"loc":{"start":{"line":65,"column":79},"end":{"line":72,"column":null}},"line":65},"8":{"name":"tryParseQRContent","decl":{"start":{"line":74,"column":9},"end":{"line":74,"column":27}},"loc":{"start":{"line":74,"column":62},"end":{"line":88,"column":null}},"line":74},"9":{"name":"tryParseJson","decl":{"start":{"line":90,"column":9},"end":{"line":90,"column":22}},"loc":{"start":{"line":90,"column":57},"end":{"line":111,"column":null}},"line":90},"10":{"name":"isTimeLikePart","decl":{"start":{"line":113,"column":9},"end":{"line":113,"column":24}},"loc":{"start":{"line":113,"column":47},"end":{"line":122,"column":null}},"line":113},"11":{"name":"tryParseIranianTaxQR","decl":{"start":{"line":124,"column":9},"end":{"line":124,"column":30}},"loc":{"start":{"line":124,"column":65},"end":{"line":179,"column":null}},"line":124},"12":{"name":"(anonymous_12)","decl":{"start":{"line":126,"column":43},"end":{"line":126,"column":48}},"loc":{"start":{"line":126,"column":48},"end":{"line":126,"column":64}},"line":126},"13":{"name":"tryParseKeyValue","decl":{"start":{"line":181,"column":9},"end":{"line":181,"column":26}},"loc":{"start":{"line":181,"column":61},"end":{"line":211,"column":null}},"line":181}},"branchMap":{"0":{"loc":{"start":{"line":14,"column":2},"end":{"line":16,"column":null}},"type":"if","locations":[{"start":{"line":14,"column":2},"end":{"line":16,"column":null}},{"start":{},"end":{}}],"line":14},"1":{"loc":{"start":{"line":27,"column":4},"end":{"line":45,"column":null}},"type":"if","locations":[{"start":{"line":27,"column":4},"end":{"line":45,"column":null}},{"start":{"line":29,"column":11},"end":{"line":45,"column":null}}],"line":27},"2":{"loc":{"start":{"line":42,"column":6},"end":{"line":42,"column":null}},"type":"if","locations":[{"start":{"line":42,"column":6},"end":{"line":42,"column":null}},{"start":{},"end":{}}],"line":42},"3":{"loc":{"start":{"line":67,"column":4},"end":{"line":67,"column":null}},"type":"if","locations":[{"start":{"line":67,"column":4},"end":{"line":67,"column":null}},{"start":{},"end":{}}],"line":67},"4":{"loc":{"start":{"line":69,"column":4},"end":{"line":69,"column":null}},"type":"if","locations":[{"start":{"line":69,"column":4},"end":{"line":69,"column":null}},{"start":{},"end":{}}],"line":69},"5":{"loc":{"start":{"line":77,"column":2},"end":{"line":77,"column":null}},"type":"if","locations":[{"start":{"line":77,"column":2},"end":{"line":77,"column":null}},{"start":{},"end":{}}],"line":77},"6":{"loc":{"start":{"line":81,"column":2},"end":{"line":81,"column":null}},"type":"if","locations":[{"start":{"line":81,"column":2},"end":{"line":81,"column":null}},{"start":{},"end":{}}],"line":81},"7":{"loc":{"start":{"line":85,"column":2},"end":{"line":85,"column":null}},"type":"if","locations":[{"start":{"line":85,"column":2},"end":{"line":85,"column":null}},{"start":{},"end":{}}],"line":85},"8":{"loc":{"start":{"line":93,"column":4},"end":{"line":93,"column":null}},"type":"if","locations":[{"start":{"line":93,"column":4},"end":{"line":93,"column":null}},{"start":{},"end":{}}],"line":93},"9":{"loc":{"start":{"line":93,"column":8},"end":{"line":93,"column":51}},"type":"binary-expr","locations":[{"start":{"line":93,"column":8},"end":{"line":93,"column":36}},{"start":{"line":93,"column":36},"end":{"line":93,"column":51}}],"line":93},"10":{"loc":{"start":{"line":96,"column":4},"end":{"line":96,"column":null}},"type":"if","locations":[{"start":{"line":96,"column":4},"end":{"line":96,"column":null}},{"start":{},"end":{}}],"line":96},"11":{"loc":{"start":{"line":96,"column":8},"end":{"line":96,"column":60}},"type":"binary-expr","locations":[{"start":{"line":96,"column":8},"end":{"line":96,"column":43}},{"start":{"line":96,"column":43},"end":{"line":96,"column":60}}],"line":96},"12":{"loc":{"start":{"line":97,"column":4},"end":{"line":97,"column":null}},"type":"if","locations":[{"start":{"line":97,"column":4},"end":{"line":97,"column":null}},{"start":{},"end":{}}],"line":97},"13":{"loc":{"start":{"line":97,"column":8},"end":{"line":97,"column":70}},"type":"binary-expr","locations":[{"start":{"line":97,"column":8},"end":{"line":97,"column":48}},{"start":{"line":97,"column":48},"end":{"line":97,"column":70}}],"line":97},"14":{"loc":{"start":{"line":98,"column":4},"end":{"line":98,"column":null}},"type":"if","locations":[{"start":{"line":98,"column":4},"end":{"line":98,"column":null}},{"start":{},"end":{}}],"line":98},"15":{"loc":{"start":{"line":98,"column":8},"end":{"line":98,"column":58}},"type":"binary-expr","locations":[{"start":{"line":98,"column":8},"end":{"line":98,"column":42}},{"start":{"line":98,"column":42},"end":{"line":98,"column":58}}],"line":98},"16":{"loc":{"start":{"line":100,"column":4},"end":{"line":102,"column":null}},"type":"if","locations":[{"start":{"line":100,"column":4},"end":{"line":102,"column":null}},{"start":{},"end":{}}],"line":100},"17":{"loc":{"start":{"line":100,"column":8},"end":{"line":100,"column":80}},"type":"binary-expr","locations":[{"start":{"line":100,"column":8},"end":{"line":100,"column":41}},{"start":{"line":100,"column":41},"end":{"line":100,"column":80}}],"line":100},"18":{"loc":{"start":{"line":103,"column":4},"end":{"line":103,"column":null}},"type":"if","locations":[{"start":{"line":103,"column":4},"end":{"line":103,"column":null}},{"start":{},"end":{}}],"line":103},"19":{"loc":{"start":{"line":104,"column":4},"end":{"line":104,"column":null}},"type":"if","locations":[{"start":{"line":104,"column":4},"end":{"line":104,"column":null}},{"start":{},"end":{}}],"line":104},"20":{"loc":{"start":{"line":106,"column":4},"end":{"line":106,"column":null}},"type":"if","locations":[{"start":{"line":106,"column":4},"end":{"line":106,"column":null}},{"start":{},"end":{}}],"line":106},"21":{"loc":{"start":{"line":114,"column":2},"end":{"line":114,"column":null}},"type":"if","locations":[{"start":{"line":114,"column":2},"end":{"line":114,"column":null}},{"start":{},"end":{}}],"line":114},"22":{"loc":{"start":{"line":115,"column":2},"end":{"line":120,"column":null}},"type":"if","locations":[{"start":{"line":115,"column":2},"end":{"line":120,"column":null}},{"start":{},"end":{}}],"line":115},"23":{"loc":{"start":{"line":119,"column":4},"end":{"line":119,"column":null}},"type":"if","locations":[{"start":{"line":119,"column":4},"end":{"line":119,"column":null}},{"start":{},"end":{}}],"line":119},"24":{"loc":{"start":{"line":119,"column":8},"end":{"line":119,"column":39}},"type":"binary-expr","locations":[{"start":{"line":119,"column":8},"end":{"line":119,"column":19}},{"start":{"line":119,"column":19},"end":{"line":119,"column":30}},{"start":{"line":119,"column":30},"end":{"line":119,"column":39}}],"line":119},"25":{"loc":{"start":{"line":128,"column":2},"end":{"line":159,"column":null}},"type":"if","locations":[{"start":{"line":128,"column":2},"end":{"line":159,"column":null}},{"start":{},"end":{}}],"line":128},"26":{"loc":{"start":{"line":130,"column":4},"end":{"line":157,"column":null}},"type":"if","locations":[{"start":{"line":130,"column":4},"end":{"line":157,"column":null}},{"start":{},"end":{}}],"line":130},"27":{"loc":{"start":{"line":135,"column":8},"end":{"line":138,"column":null}},"type":"if","locations":[{"start":{"line":135,"column":8},"end":{"line":138,"column":null}},{"start":{},"end":{}}],"line":135},"28":{"loc":{"start":{"line":143,"column":8},"end":{"line":143,"column":null}},"type":"if","locations":[{"start":{"line":143,"column":8},"end":{"line":143,"column":null}},{"start":{},"end":{}}],"line":143},"29":{"loc":{"start":{"line":144,"column":8},"end":{"line":144,"column":null}},"type":"if","locations":[{"start":{"line":144,"column":8},"end":{"line":144,"column":null}},{"start":{},"end":{}}],"line":144},"30":{"loc":{"start":{"line":146,"column":8},"end":{"line":148,"column":null}},"type":"if","locations":[{"start":{"line":146,"column":8},"end":{"line":148,"column":null}},{"start":{},"end":{}}],"line":146},"31":{"loc":{"start":{"line":146,"column":12},"end":{"line":146,"column":56}},"type":"binary-expr","locations":[{"start":{"line":146,"column":12},"end":{"line":146,"column":27}},{"start":{"line":146,"column":27},"end":{"line":146,"column":38}},{"start":{"line":146,"column":38},"end":{"line":146,"column":56}}],"line":146},"32":{"loc":{"start":{"line":151,"column":6},"end":{"line":151,"column":null}},"type":"if","locations":[{"start":{"line":151,"column":6},"end":{"line":151,"column":null}},{"start":{},"end":{}}],"line":151},"33":{"loc":{"start":{"line":152,"column":6},"end":{"line":156,"column":null}},"type":"if","locations":[{"start":{"line":152,"column":6},"end":{"line":156,"column":null}},{"start":{},"end":{}}],"line":152},"34":{"loc":{"start":{"line":152,"column":10},"end":{"line":152,"column":40}},"type":"binary-expr","locations":[{"start":{"line":152,"column":10},"end":{"line":152,"column":27}},{"start":{"line":152,"column":27},"end":{"line":152,"column":40}}],"line":152},"35":{"loc":{"start":{"line":165,"column":15},"end":{"line":165,"column":null}},"type":"binary-expr","locations":[{"start":{"line":165,"column":15},"end":{"line":165,"column":45}},{"start":{"line":165,"column":45},"end":{"line":165,"column":76}},{"start":{"line":165,"column":76},"end":{"line":165,"column":null}}],"line":165},"36":{"loc":{"start":{"line":166,"column":4},"end":{"line":166,"column":null}},"type":"if","locations":[{"start":{"line":166,"column":4},"end":{"line":166,"column":null}},{"start":{},"end":{}}],"line":166},"37":{"loc":{"start":{"line":168,"column":24},"end":{"line":168,"column":null}},"type":"binary-expr","locations":[{"start":{"line":168,"column":24},"end":{"line":168,"column":58}},{"start":{"line":168,"column":58},"end":{"line":168,"column":null}}],"line":168},"38":{"loc":{"start":{"line":169,"column":4},"end":{"line":172,"column":null}},"type":"if","locations":[{"start":{"line":169,"column":4},"end":{"line":172,"column":null}},{"start":{},"end":{}}],"line":169},"39":{"loc":{"start":{"line":171,"column":6},"end":{"line":171,"column":null}},"type":"if","locations":[{"start":{"line":171,"column":6},"end":{"line":171,"column":null}},{"start":{},"end":{}}],"line":171},"40":{"loc":{"start":{"line":171,"column":10},"end":{"line":171,"column":34}},"type":"binary-expr","locations":[{"start":{"line":171,"column":10},"end":{"line":171,"column":25}},{"start":{"line":171,"column":25},"end":{"line":171,"column":34}}],"line":171},"41":{"loc":{"start":{"line":174,"column":4},"end":{"line":174,"column":null}},"type":"if","locations":[{"start":{"line":174,"column":4},"end":{"line":174,"column":null}},{"start":{},"end":{}}],"line":174},"42":{"loc":{"start":{"line":174,"column":8},"end":{"line":174,"column":41}},"type":"binary-expr","locations":[{"start":{"line":174,"column":8},"end":{"line":174,"column":25}},{"start":{"line":174,"column":25},"end":{"line":174,"column":41}}],"line":174},"43":{"loc":{"start":{"line":183,"column":2},"end":{"line":183,"column":null}},"type":"if","locations":[{"start":{"line":183,"column":2},"end":{"line":183,"column":null}},{"start":{},"end":{}}],"line":183},"44":{"loc":{"start":{"line":188,"column":4},"end":{"line":188,"column":null}},"type":"if","locations":[{"start":{"line":188,"column":4},"end":{"line":188,"column":null}},{"start":{},"end":{}}],"line":188},"45":{"loc":{"start":{"line":192,"column":4},"end":{"line":195,"column":null}},"type":"if","locations":[{"start":{"line":192,"column":4},"end":{"line":195,"column":null}},{"start":{},"end":{}}],"line":192},"46":{"loc":{"start":{"line":194,"column":6},"end":{"line":194,"column":null}},"type":"if","locations":[{"start":{"line":194,"column":6},"end":{"line":194,"column":null}},{"start":{},"end":{}}],"line":194},"47":{"loc":{"start":{"line":194,"column":10},"end":{"line":194,"column":34}},"type":"binary-expr","locations":[{"start":{"line":194,"column":10},"end":{"line":194,"column":25}},{"start":{"line":194,"column":25},"end":{"line":194,"column":34}}],"line":194},"48":{"loc":{"start":{"line":196,"column":4},"end":{"line":200,"column":null}},"type":"if","locations":[{"start":{"line":196,"column":4},"end":{"line":200,"column":null}},{"start":{},"end":{}}],"line":196},"49":{"loc":{"start":{"line":197,"column":6},"end":{"line":199,"column":null}},"type":"if","locations":[{"start":{"line":197,"column":6},"end":{"line":199,"column":null}},{"start":{},"end":{}}],"line":197},"50":{"loc":{"start":{"line":201,"column":4},"end":{"line":203,"column":null}},"type":"if","locations":[{"start":{"line":201,"column":4},"end":{"line":203,"column":null}},{"start":{},"end":{}}],"line":201},"51":{"loc":{"start":{"line":204,"column":4},"end":{"line":206,"column":null}},"type":"if","locations":[{"start":{"line":204,"column":4},"end":{"line":206,"column":null}},{"start":{},"end":{}}],"line":204},"52":{"loc":{"start":{"line":209,"column":2},"end":{"line":209,"column":null}},"type":"if","locations":[{"start":{"line":209,"column":2},"end":{"line":209,"column":null}},{"start":{},"end":{}}],"line":209}},"s":{"0":2,"1":0,"2":0,"3":0,"4":2,"5":0,"6":0,"7":0,"8":0,"9":0,"10":0,"11":0,"12":0,"13":0,"14":0,"15":0,"16":0,"17":0,"18":0,"19":0,"20":0,"21":0,"22":0,"23":0,"24":0,"25":0,"26":0,"27":0,"28":0,"29":0,"30":0,"31":21,"32":23,"33":3,"34":20,"35":20,"36":17,"37":4,"38":20,"39":20,"40":9,"41":11,"42":11,"43":6,"44":5,"45":5,"46":2,"47":3,"48":20,"49":20,"50":20,"51":0,"52":10,"53":10,"54":7,"55":10,"56":1,"57":10,"58":1,"59":10,"60":2,"61":10,"62":2,"63":10,"64":2,"65":10,"66":1,"67":9,"68":10,"69":10,"70":2,"71":8,"72":3,"73":3,"74":3,"75":3,"76":1,"77":7,"78":11,"79":11,"80":47,"81":11,"82":9,"83":9,"84":4,"85":4,"86":4,"87":4,"88":18,"89":4,"90":4,"91":4,"92":4,"93":4,"94":14,"95":4,"96":10,"97":3,"98":7,"99":7,"100":4,"101":4,"102":4,"103":4,"104":4,"105":4,"106":4,"107":5,"108":2,"109":2,"110":2,"111":2,"112":11,"113":2,"114":2,"115":11,"116":2,"117":2,"118":2,"119":2,"120":0,"121":2,"122":0,"123":5,"124":5,"125":3,"126":2,"127":2,"128":8,"129":8,"130":0,"131":8,"132":8,"133":8,"134":2,"135":2,"136":2,"137":8,"138":2,"139":2,"140":8,"141":2,"142":8,"143":2,"144":2,"145":0,"146":2},"f":{"0":0,"1":0,"2":0,"3":0,"4":0,"5":0,"6":0,"7":21,"8":20,"9":20,"10":10,"11":11,"12":47,"13":5},"b":{"0":[0,0],"1":[0,0],"2":[0,0],"3":[3,20],"4":[17,3],"5":[9,11],"6":[6,5],"7":[2,3],"8":[0,20],"9":[20,10],"10":[7,3],"11":[10,7],"12":[1,9],"13":[10,1],"14":[1,9],"15":[10,1],"16":[2,8],"17":[10,2],"18":[2,8],"19":[2,8],"20":[1,9],"21":[2,8],"22":[3,5],"23":[1,2],"24":[3,1,1],"25":[9,2],"26":[4,5],"27":[4,14],"28":[4,10],"29":[3,7],"30":[4,3],"31":[7,5,5],"32":[4,0],"33":[4,0],"34":[4,0],"35":[2,0,0],"36":[2,9],"37":[2,0],"38":[2,9],"39":[2,0],"40":[2,2],"41":[0,2],"42":[2,0],"43":[3,2],"44":[0,8],"45":[2,6],"46":[2,0],"47":[2,2],"48":[2,6],"49":[2,0],"50":[2,6],"51":[2,6],"52":[0,2]},"meta":{"lastBranch":53,"lastFunction":14,"lastStatement":147,"seen":{"s:11:71:11:Infinity":0,"f:13:9:13:21":0,"b:14:2:16:Infinity:undefined:undefined:undefined:undefined":0,"s:14:2:16:Infinity":1,"s:15:4:15:Infinity":2,"s:17:2:17:Infinity":3,"s:20:24:20:Infinity":4,"f:22:22:22:44":1,"s:23:2:62:Infinity":5,"s:24:29:24:Infinity":6,"b:27:4:45:Infinity:29:11:45:Infinity":1,"s:27:4:45:Infinity":7,"s:28:6:28:Infinity":8,"s:30:18:30:Infinity":9,"s:31:6:35:Infinity":10,"f:31:30:31:31":2,"s:32:8:32:Infinity":11,"f:32:21:32:27":3,"s:32:27:32:Infinity":12,"s:33:8:33:Infinity":13,"f:33:22:33:28":4,"s:33:28:33:Infinity":14,"s:34:8:34:Infinity":15,"s:37:20:37:Infinity":16,"s:38:21:38:Infinity":17,"s:39:6:39:Infinity":18,"s:40:6:40:Infinity":19,"s:41:18:41:Infinity":20,"b:42:6:42:Infinity:undefined:undefined:undefined:undefined":2,"s:42:6:42:Infinity":21,"s:42:16:42:Infinity":22,"s:43:6:43:Infinity":23,"s:44:6:44:Infinity":24,"s:47:20:51:Infinity":25,"s:53:4:58:Infinity":26,"f:54:14:54:19":5,"s:54:19:54:28":27,"f:55:11:55:17":6,"s:55:17:58:8":28,"s:60:4:60:Infinity":29,"s:61:4:61:Infinity":30,"f:65:16:65:31":7,"s:66:2:70:Infinity":31,"b:67:4:67:Infinity:undefined:undefined:undefined:undefined":3,"s:67:4:67:Infinity":32,"s:67:37:67:Infinity":33,"s:68:19:68:Infinity":34,"b:69:4:69:Infinity:undefined:undefined:undefined:undefined":4,"s:69:4:69:Infinity":35,"s:69:16:69:Infinity":36,"s:71:2:71:Infinity":37,"f:74:9:74:27":8,"s:76:21:76:Infinity":38,"b:77:2:77:Infinity:undefined:undefined:undefined:undefined":5,"s:77:2:77:Infinity":39,"s:77:18:77:Infinity":40,"s:80:24:80:Infinity":41,"b:81:2:81:Infinity:undefined:undefined:undefined:undefined":6,"s:81:2:81:Infinity":42,"s:81:21:81:Infinity":43,"s:84:19:84:Infinity":44,"b:85:2:85:Infinity:undefined:undefined:undefined:undefined":7,"s:85:2:85:Infinity":45,"s:85:16:85:Infinity":46,"s:87:2:87:Infinity":47,"f:90:9:90:22":9,"s:91:2:110:Infinity":48,"s:92:17:92:Infinity":49,"b:93:4:93:Infinity:undefined:undefined:undefined:undefined":8,"s:93:4:93:Infinity":50,"b:93:8:93:36:93:36:93:51":9,"s:93:51:93:Infinity":51,"s:95:33:95:Infinity":52,"b:96:4:96:Infinity:undefined:undefined:undefined:undefined":10,"s:96:4:96:Infinity":53,"b:96:8:96:43:96:43:96:60":11,"s:96:60:96:Infinity":54,"b:97:4:97:Infinity:undefined:undefined:undefined:undefined":12,"s:97:4:97:Infinity":55,"b:97:8:97:48:97:48:97:70":13,"s:97:70:97:Infinity":56,"b:98:4:98:Infinity:undefined:undefined:undefined:undefined":14,"s:98:4:98:Infinity":57,"b:98:8:98:42:98:42:98:58":15,"s:98:58:98:Infinity":58,"b:100:4:102:Infinity:undefined:undefined:undefined:undefined":16,"s:100:4:102:Infinity":59,"b:100:8:100:41:100:41:100:80":17,"s:101:6:101:Infinity":60,"b:103:4:103:Infinity:undefined:undefined:undefined:undefined":18,"s:103:4:103:Infinity":61,"s:103:40:103:Infinity":62,"b:104:4:104:Infinity:undefined:undefined:undefined:undefined":19,"s:104:4:104:Infinity":63,"s:104:43:104:Infinity":64,"b:106:4:106:Infinity:undefined:undefined:undefined:undefined":20,"s:106:4:106:Infinity":65,"s:106:42:106:Infinity":66,"s:107:4:107:Infinity":67,"s:109:4:109:Infinity":68,"f:113:9:113:24":10,"b:114:2:114:Infinity:undefined:undefined:undefined:undefined":21,"s:114:2:114:Infinity":69,"s:114:43:114:Infinity":70,"b:115:2:120:Infinity:undefined:undefined:undefined:undefined":22,"s:115:2:120:Infinity":71,"s:116:15:116:Infinity":72,"s:117:15:117:Infinity":73,"s:118:15:118:Infinity":74,"b:119:4:119:Infinity:undefined:undefined:undefined:undefined":23,"s:119:4:119:Infinity":75,"b:119:8:119:19:119:19:119:30:119:30:119:39":24,"s:119:39:119:Infinity":76,"s:121:2:121:Infinity":77,"f:124:9:124:30":11,"s:125:25:125:Infinity":78,"s:126:23:126:Infinity":79,"f:126:43:126:48":12,"s:126:48:126:64":80,"b:128:2:159:Infinity:undefined:undefined:undefined:undefined":25,"s:128:2:159:Infinity":81,"s:129:18:129:Infinity":82,"b:130:4:157:Infinity:undefined:undefined:undefined:undefined":26,"s:130:4:157:Infinity":83,"s:131:35:131:Infinity":84,"s:132:24:132:Infinity":85,"s:134:6:139:Infinity":86,"s:134:19:134:22":87,"b:135:8:138:Infinity:undefined:undefined:undefined:undefined":27,"s:135:8:138:Infinity":88,"s:136:10:136:Infinity":89,"s:137:10:137:Infinity":90,"s:141:23:141:Infinity":91,"s:142:6:149:Infinity":92,"s:142:19:142:22":93,"b:143:8:143:Infinity:undefined:undefined:undefined:undefined":28,"s:143:8:143:Infinity":94,"s:143:30:143:Infinity":95,"b:144:8:144:Infinity:undefined:undefined:undefined:undefined":29,"s:144:8:144:Infinity":96,"s:144:38:144:Infinity":97,"s:145:20:145:Infinity":98,"b:146:8:148:Infinity:undefined:undefined:undefined:undefined":30,"s:146:8:148:Infinity":99,"b:146:12:146:27:146:27:146:38:146:38:146:56":31,"s:147:10:147:Infinity":100,"b:151:6:151:Infinity:undefined:undefined:undefined:undefined":32,"s:151:6:151:Infinity":101,"s:151:26:151:Infinity":102,"b:152:6:156:Infinity:undefined:undefined:undefined:undefined":33,"s:152:6:156:Infinity":103,"b:152:10:152:27:152:27:152:40":34,"s:153:8:153:Infinity":104,"s:154:8:154:Infinity":105,"s:155:8:155:Infinity":106,"s:158:4:158:Infinity":107,"s:161:2:178:Infinity":108,"s:162:16:162:Infinity":109,"s:163:33:163:Infinity":110,"s:165:15:165:Infinity":111,"b:165:15:165:45:165:45:165:76:165:76:165:Infinity":35,"b:166:4:166:Infinity:undefined:undefined:undefined:undefined":36,"s:166:4:166:Infinity":112,"s:166:12:166:Infinity":113,"s:168:24:168:Infinity":114,"b:168:24:168:58:168:58:168:Infinity":37,"b:169:4:172:Infinity:undefined:undefined:undefined:undefined":38,"s:169:4:172:Infinity":115,"s:170:18:170:Infinity":116,"b:171:6:171:Infinity:undefined:undefined:undefined:undefined":39,"s:171:6:171:Infinity":117,"b:171:10:171:25:171:25:171:34":40,"s:171:34:171:Infinity":118,"b:174:4:174:Infinity:undefined:undefined:undefined:undefined":41,"s:174:4:174:Infinity":119,"b:174:8:174:25:174:25:174:41":42,"s:174:41:174:Infinity":120,"s:175:4:175:Infinity":121,"s:177:4:177:Infinity":122,"f:181:9:181:26":13,"s:182:16:182:Infinity":123,"b:183:2:183:Infinity:undefined:undefined:undefined:undefined":43,"s:183:2:183:Infinity":124,"s:183:24:183:Infinity":125,"s:185:31:185:Infinity":126,"s:186:2:207:Infinity":127,"s:187:18:187:Infinity":128,"b:188:4:188:Infinity:undefined:undefined:undefined:undefined":44,"s:188:4:188:Infinity":129,"s:188:16:188:Infinity":130,"s:189:16:189:Infinity":131,"s:190:18:190:Infinity":132,"b:192:4:195:Infinity:undefined:undefined:undefined:undefined":45,"s:192:4:195:Infinity":133,"s:193:18:193:Infinity":134,"b:194:6:194:Infinity:undefined:undefined:undefined:undefined":46,"s:194:6:194:Infinity":135,"b:194:10:194:25:194:25:194:34":47,"s:194:34:194:Infinity":136,"b:196:4:200:Infinity:undefined:undefined:undefined:undefined":48,"s:196:4:200:Infinity":137,"b:197:6:199:Infinity:undefined:undefined:undefined:undefined":49,"s:197:6:199:Infinity":138,"s:198:8:198:Infinity":139,"b:201:4:203:Infinity:undefined:undefined:undefined:undefined":50,"s:201:4:203:Infinity":140,"s:202:6:202:Infinity":141,"b:204:4:206:Infinity:undefined:undefined:undefined:undefined":51,"s:204:4:206:Infinity":142,"s:205:6:205:Infinity":143,"b:209:2:209:Infinity:undefined:undefined:undefined:undefined":52,"s:209:2:209:Infinity":144,"s:209:40:209:Infinity":145,"s:210:2:210:Infinity":146},"fnNames":{}}}
[...]
unction":16,"lastStatement":44,"seen":{"f:3:16:3:30":0,"s:4:23:4:Infinity":0,"b:4:58:4:77:4:77:4:Infinity":0,"s:5:21:5:Infinity":1,"b:5:54:5:71:5:71:5:Infinity":1,"s:6:17:6:Infinity":2,"b:6:48:6:63:6:63:6:Infinity":2,"s:7:25:8:Infinity":3,"b:8:6:8:26:8:26:8:Infinity":3,"b:7:25:7:47:7:47:7:88:7:88:7:Infinity":4,"s:9:27:9:Infinity":4,"b:9:73:9:98:9:98:9:Infinity":5,"s:11:28:13:Infinity":5,"f:12:4:12:5":1,"s:12:16:12:Infinity":6,"b:12:16:12:45:12:45:12:Infinity":6,"s:15:26:17:Infinity":7,"f:16:4:16:5":2,"s:16:16:16:Infinity":8,"b:16:16:16:47:16:47:16:Infinity":7,"s:19:25:19:Infinity":9,"f:19:55:19:56":3,"s:19:67:19:71":10,"s:20:24:20:Infinity":11,"f:20:52:20:53":4,"s:20:64:20:70":12,"s:23:2:25:Infinity":13,"f:24:4:24:5":5,"s:24:16:24:Infinity":14,"b:24:16:24:45:24:45:24:Infinity":8,"s:28:2:41:Infinity":15,"f:28:26:28:27":6,"s:29:34:37:Infinity":16,"f:31:8:31:9":7,"s:31:20:31:Infinity":17,"b:31:20:31:60:31:60:31:Infinity":9,"f:33:11:33:12":8,"s:33:24:37:8":18,"b:35:94:35:111:35:111:35:Infinity":10,"b:35:22:35:60:35:60:35:94":11,"b:36:106:36:127:36:127:36:Infinity":12,"b:36:26:36:68:36:68:36:106":13,"s:38:22:38:Infinity":19,"b:38:80:38:94:38:94:38:Infinity":14,"s:39:19:39:Infinity":20,"s:40:4:40:Infinity":21,"b:40:67:40:76:40:76:40:79":15,"b:40:27:40:54:40:54:40:67":16,"s:44:2:50:Infinity":22,"f:45:4:45:5":9,"s:46:6:49:Infinity":23,"b:46:6:46:Infinity:47:6:47:Infinity:48:6:48:Infinity:49:6:49:Infinity":17,"s:53:47:53:Infinity":24,"s:54:2:58:Infinity":25,"b:55:4:57:Infinity:undefined:undefined:undefined:undefined":18,"s:55:4:57:Infinity":26,"b:55:8:55:35:55:35:55:63:55:63:55:73":19,"s:56:6:56:Infinity":27,"b:61:2:63:Infinity:undefined:undefined:undefined:undefined":20,"s:61:2:63:Infinity":28,"s:62:4:62:Infinity":29,"s:65:2:71:Infinity":30,"f:74:16:74:34":10,"s:75:16:75:Infinity":31,"b:75:44:75:56:75:56:75:Infinity":21,"s:76:23:76:Infinity":32,"b:76:63:76:82:76:82:76:Infinity":22,"s:78:21:88:Infinity":33,"f:79:12:79:13":11,"s:79:24:79:91":34,"b:79:24:79:53:79:53:79:84:79:84:79:91":23,"f:80:9:80:10":12,"s:80:22:88:6":35,"b:83:55:83:71:83:71:83:Infinity":24,"b:84:50:84:63:84:63:84:Infinity":25,"b:85:51:85:65:85:53:85:Infinity":26,"b:86:51:86:65:86:53:86:Infinity":27,"s:90:19:90:Infinity":36,"f:90:42:90:43":13,"s:90:54:90:58":37,"s:92:2:95:Infinity":38,"b:94:63:94:78:94:78:94:Infinity":28,"b:94:18:94:34:94:34:94:63":29,"f:98:16:98:37":14,"s:99:2:106:Infinity":39,"f:101:32:101:33":15,"b:102:6:102:Infinity:undefined:undefined:undefined:undefined":30,"s:102:6:102:Infinity":40,"s:102:29:102:Infinity":41,"s:103:42:103:Infinity":42,"s:104:6:104:Infinity":43},"fnNames":{}}}
,"/Users/sadeghhp/Projects/Trip-Expense-Tracker/src/lib/utils/validation.ts": {"path":"/Users/sadeghhp/Projects/Trip-Expense-Tracker/src/lib/utils/validation.ts","statementMap":{"0":{"start":{"line":14,"column":18},"end":{"line":14,"column":null}},"1":{"start":{"line":15,"column":2},"end":{"line":15,"column":null}},"2":{"start":{"line":15,"column":16},"end":{"line":15,"column":null}},"3":{"start":{"line":17,"column":20},"end":{"line":17,"column":null}},"4":{"start":{"line":18,"column":16},"end":{"line":20,"column":null}},"5":{"start":{"line":19,"column":31},"end":{"line":19,"column":49}},"6":{"start":{"line":19,"column":60},"end":{"line":19,"column":80}},"7":{"start":{"line":20,"column":29},"end":{"line":20,"column":44}},"8":{"start":{"line":22,"column":2},"end":{"line":24,"column":null}},"9":{"start":{"line":23,"column":4},"end":{"line":23,"column":null}},"10":{"start":{"line":25,"column":2},"end":{"line":25,"column":null}},"11":{"start":{"line":29,"column":2},"end":{"line":31,"column":null}},"12":{"start":{"line":30,"column":9},"end":{"line":30,"column":null}},"13":{"start":{"line":30,"column":54},"end":{"line":30,"column":76}},"14":{"start":{"line":39,"column":18},"end":{"line":39,"column":null}},"15":{"start":{"line":40,"column":2},"end":{"line":40,"column":null}},"16":{"start":{"line":40,"column":16},"end":{"line":40,"column":null}},"17":{"start":{"line":42,"column":16},"end":{"line":44,"column":null}},"18":{"start":{"line":43,"column":32},"end":{"line":43,"column":49}},"19":{"start":{"line":46,"column":2},"end":{"line":48,"column":null}},"20":{"start":{"line":47,"column":4},"end":{"line":47,"column":null}},"21":{"start":{"line":49,"column":2},"end":{"line":49,"column":null}},"22":{"start":{"line":53,"column":2},"end":{"line":53,"column":null}},"23":{"start":{"line":53,"column":28},"end":{"line":53,"column":51}},"24":{"start":{"line":60,"column":2},"end":{"line":62,"column":null}},"25":{"start":{"line":61,"column":4},"end":{"line":61,"column":null}},"26":{"start":{"line":64,"column":17},"end":{"line":64,"column":null}},"27":{"start":{"line":65,"column":2},"end":{"line":67,"column":null}},"28":{"start":{"line":66,"column":4},"end":{"line":66,"column":null}},"29":{"start":{"line":69,"column":2},"end":{"line":71,"column":null}},"30":{"start":{"line":70,"column":4},"end":{"line":70,"column":null}},"31":{"start":{"line":73,"column":2},"end":{"line":81,"column":null}},"32":{"start":{"line":74,"column":4},"end":{"line":76,"column":null}},"33":{"start":{"line":75,"column":6},"end":{"line":75,"column":null}},"34":{"start":{"line":75,"column":37},"end":{"line":75,"column":null}},"35":{"start":{"line":77,"column":16},"end":{"line":77,"column":null}},"36":{"start":{"line":77,"column":55},"end":{"line":77,"column":82}},"37":{"start":{"line":78,"column":4},"end":{"line":80,"column":null}},"38":{"start":{"line":79,"column":6},"end":{"line":79,"column":null}},"39":{"start":{"line":83,"column":2},"end":{"line":91,"column":null}},"40":{"start":{"line":84,"column":4},"end":{"line":86,"column":null}},"41":{"start":{"line":85,"column":6},"end":{"line":85,"column":null}},"42":{"start":{"line":85,"column":41},"end":{"line":85,"column":null}},"43":{"start":{"line":87,"column":16},"end":{"line":87,"column":null}},"44":{"start":{"line":87,"column":55},"end":{"line":87,"column":86}},"45":{"start":{"line":88,"column":4},"end":{"line":90,"column":null}},"46":{"start":{"line":89,"column":6},"end":{"line":89,"column":null}},"47":{"start":{"line":93,"column":2},"end":{"line":93,"column":null}},"48":{"start":{"line":101,"column":2},"end":{"line":101,"column":null}},"49":{"start":{"line":101,"column":27},"end":{"line":101,"column":null}},"50":{"start":{"line":103,"column":2},"end":{"line":109,"column":null}},"51":{"start":{"line":104,"column":4},"end":{"line":104,"column":null}},"52":{"start":{"line":104,"column":39},"end":{"line":104,"column":null}},"53":{"start":{"line":105,"column":17},"end":{"line":105,"column":null}},"54":{"start":{"line":106,"column":4},"end":{"line":108,"column":null}},"55":{"start":{"line":107,"column":6},"end":{"line":107,"column":null}},"56":{"start":{"line":110,"column":2},"end":{"line":110,"column":null}}},"fnMap":{"0":{"name":"validateParticipantName","decl":{"start":{"line":8,"column":16},"end":{"line":8,"column":null}},"loc":{"start":{"line":13,"column":26},"end":{"line":26,"column":null}},"line":13},"1":{"name":"(anonymous_1)","decl":{"start":{"line":19,"column":26},"end":{"line":19,"column":31}},"loc":{"start":{"line":19,"column":31},"end":{"line":19,"column":49}},"line":19},"2":{"name":"(anonymous_2)","decl":{"start":{"line":19,"column":55},"end":{"line":19,"column":60}},"loc":{"start":{"line":19,"column":60},"end":{"line":19,"column":80}},"line":19},"3":{"name":"(anonymous_3)","decl":{"start":{"line":20,"column":24},"end":{"line":20,"column":29}},"loc":{"start":{"line":20,"column":29},"end":{"line":20,"column":44}},"line":20},"4":{"name":"isParticipantUsed","decl":{"start":{"line":28,"column":16},"end":{"line":28,"column":34}},"loc":{"start":{"line":28,"column":76},"end":{"line":32,"column":null}},"line":28},"5":{"name":"(anonymous_5)","decl":{"start":{"line":30,"column":4},"end":{"line":30,"column":9}},"loc":{"start":{"line":30,"column":9},"end":{"line":30,"column":null}},"line":30},"6":{"name":"(anonymous_6)","decl":{"start":{"line":30,"column":49},"end":{"line":30,"column":54}},"loc":{"start":{"line":30,"column":54},"end":{"line":30,"column":76}},"line":30},"7":{"name":"validateCurrencyCode","decl":{"start":{"line":34,"column":16},"end":{"line":34,"column":null}},"loc":{"start":{"line":38,"column":26},"end":{"line":50,"column":null}},"line":38},"8":{"name":"(anonymous_8)","decl":{"start":{"line":43,"column":27},"end":{"line":43,"column":32}},"loc":{"start":{"line":43,"column":32},"end":{"line":43,"column":49}},"line":43},"9":{"name":"isCurrencyUsed","decl":{"start":{"line":52,"column":16},"end":{"line":52,"column":31}},"loc":{"start":{"line":52,"column":75},"end":{"line":54,"column":null}},"line":52},"10":{"name":"(anonymous_10)","decl":{"start":{"line":53,"column":23},"end":{"line":53,"column":28}},"loc":{"start":{"line":53,"column":28},"end":{"line":53,"column":51}},"line":53},"11":{"name":"validateExpense","decl":{"start":{"line":56,"column":16},"end":{"line":56,"column":null}},"loc":{"start":{"line":59,"column":26},"end":{"line":94,"column":null}},"line":59},"12":{"name":"(anonymous_12)","decl":{"start":{"line":77,"column":45},"end":{"line":77,"column":46}},"loc":{"start":{"line":77,"column":55},"end":{"line":77,"column":82}},"line":77},"13":{"name":"(anonymous_13)","decl":{"start":{"line":87,"column":45},"end":{"line":87,"column":46}},"loc":{"start":{"line":87,"column":55},"end":{"line":87,"column":86}},"line":87},"14":{"name":"validateSettlement","decl":{"start":{"line":96,"column":16},"end":{"line":96,"column":null}},"loc":{"start":{"line":100,"column":26},"end":{"line":111,"column":null}},"line":100}},"branchMap":{"0":{"loc":{"start":{"line":15,"column":2},"end":{"line":15,"column":null}},"type":"if","locations":[{"start":{"line":15,"column":2},"end":{"line":15,"column":null}},{"start":{},"end":{}}],"line":15},"1":{"loc":{"start":{"line":18,"column":16},"end":{"line":20,"column":null}},"type":"cond-expr","locations":[{"start":{"line":19,"column":6},"end":{"line":19,"column":null}},{"start":{"line":20,"column":6},"end":{"line":20,"column":null}}],"line":18},"2":{"loc":{"start":{"line":18,"column":16},"end":{"line":18,"column":null}},"type":"binary-expr","locations":[{"start":{"line":18,"column":16},"end":{"line":18,"column":29}},{"start":{"line":18,"column":29},"end":{"line":18,"column":null}}],"line":18},"3":{"loc":{"start":{"line":22,"column":2},"end":{"line":24,"column":null}},"type":"if","locations":[{"start":{"line":22,"column":2},"end":{"line":24,"column":null}},{"start":{},"end":{}}],"line":22},"4":{"loc":{"start":{"line":30,"column":9},"end":{"line":30,"column":null}},"type":"binary-expr","locations":[{"start":{"line":30,"column":9},"end":{"line":30,"column":28}},{"start":{"line":30,"column":28},"end":{"line":30,"column":null}}],"line":30},"5":{"loc":{"start":{"line":40,"column":2},"end":{"line":40,"column":null}},"type":"if","locations":[{"start":{"line":40,"column":2},"end":{"line":40,"column":null}},{"start":{},"end":{}}],"line":40},"6":{"loc":{"start":{"line":42,"column":16},"end":{"line":44,"column":null}},"type":"cond-expr","locations":[{"start":{"line":43,"column":6},"end":{"line":43,"column":null}},{"start":{"line":44,"column":6},"end":{"line":44,"column":null}}],"line":42},"7":{"loc":{"start":{"line":46,"column":2},"end":{"line":48,"column":null}},"type":"if","locations":[{"start":{"line":46,"column":2},"end":{"line":48,"column":null}},{"start":{},"end":{}}],"line":46},"8":{"loc":{"start":{"line":60,"column":2},"end":{"line":62,"column":null}},"type":"if","locations":[{"start":{"line":60,"column":2},"end":{"line":62,"column":null}},{"start":{},"end":{}}],"line":60},"9":{"loc":{"start":{"line":60,"column":6},"end":{"line":60,"column":97}},"type":"binary-expr","locations":[{"start":{"line":60,"column":6},"end":{"line":60,"column":23}},{"start":{"line":60,"column":23},"end":{"line":60,"column":55}},{"start":{"line":60,"column":55},"end":{"line":60,"column":80}},{"start":{"line":60,"column":80},"end":{"line":60,"column":97}}],"line":60},"10":{"loc":{"start":{"line":65,"column":2},"end":{"line":67,"column":null}},"type":"if","locations":[{"start":{"line":65,"column":2},"end":{"line":67,"column":null}},{"start":{},"end":{}}],"line":65},"11":{"loc":{"start":{"line":65,"column":6},"end":{"line":65,"column":47}},"type":"binary-expr","locations":[{"start":{"line":65,"column":6},"end":{"line":65,"column":17}},{"start":{"line":65,"column":17},"end":{"line":65,"column":32}},{"start":{"line":65,"column":32},"end":{"line":65,"column":47}}],"line":65},"12":{"loc":{"start":{"line":69,"column":2},"end":{"line":71,"column":null}},"type":"if","locations":[{"start":{"line":69,"column":2},"end":{"line":71,"column":null}},{"start":{},"end":{}}],"line":69},"13":{"loc":{"start":{"line":69,"column":6},"end":{"line":69,"column":68}},"type":"binary-expr","locations":[{"start":{"line":69,"column":6},"end":{"line":69,"column":32}},{"start":{"line":69,"column":32},"end":{"line":69,"column":68}}],"line":69},"14":{"loc":{"start":{"line":73,"column":2},"end":{"line":81,"column":null}},"type":"if","locations":[{"start":{"line":73,"column":2},"end":{"line":81,"column":null}},{"start":{},"end":{}}],"line":73},"15":{"loc":{"start":{"line":75,"column":6},"end":{"line":75,"column":null}},"type":"if","locations":[{"start":{"line":75,"column":6},"end":{"line":75,"column":null}},{"start":{},"end":{}}],"line":75},"16":{"loc":{"start":{"line":75,"column":11},"end":{"line":75,"column":34}},"type":"binary-expr","locations":[{"start":{"line":75,"column":11},"end":{"line":75,"column":29}},{"start":{"line":75,"column":29},"end":{"line":75,"column":34}}],"line":75},"17":{"loc":{"start":{"line":77,"column":60},"end":{"line":77,"column":82}},"type":"binary-expr","locations":[{"start":{"line":77,"column":60},"end":{"line":77,"column":78}},{"start":{"line":77,"column":78},"end":{"line":77,"column":82}}],"line":77},"18":{"loc":{"start":{"line":78,"column":4},"end":{"line":80,"column":null}},"type":"if","locations":[{"start":{"line":78,"column":4},"end":{"line":80,"column":null}},{"start":{},"end":{}}],"line":78},"19":{"loc":{"start":{"line":83,"column":2},"end":{"line":91,"column":null}},"type":"if","locations":[{"start":{"line":83,"column":2},"end":{"line":91,"column":null}},{"start":{},"end":{}}],"line":83},"20":{"loc":{"start":{"line":85,"column":6},"end":{"line":85,"column":null}},"type":"if","locations":[{"start":{"line":85,"column":6},"end":{"line":85,"column":null}},{"start":{},"end":{}}],"line":85},"21":{"loc":{"start":{"line":85,"column":11},"end":{"line":85,"column":38}},"type":"binary-expr","locations":[{"start":{"line":85,"column":11},"end":{"line":85,"column":33}},{"start":{"line":85,"column":33},"end":{"line":85,"column":38}}],"line":85},"22":{"loc":{"start":{"line":87,"column":60},"end":{"line":87,"column":86}},"type":"binary-expr","locations":[{"start":{"line":87,"column":60},"end":{"line":87,"column":82}},{"start":{"line":87,"column":82},"end":{"line":87,"column":86}}],"line":87},"23":{"loc":{"start":{"line":88,"column":4},"end":{"line":90,"column":null}},"type":"if","locations":[{"start":{"line":88,"column":4},"end":{"line":90,"column":null}},{"start":{},"end":{}}],"line":88},"24":{"loc":{"start":{"line":101,"column":2},"end":{"line":101,"column":null}},"type":"if","locations":[{"start":{"line":101,"column":2},"end":{"line":101,"column":null}},{"start":{},"end":{}}],"line":101},"25":{"loc":{"start":{"line":104,"column":4},"end":{"line":104,"column":null}},"type":"if","locations":[{"start":{"line":104,"column":4},"end":{"line":104,"column":null}},{"start":{},"end":{}}],"line":104},"26":{"loc":{"start":{"line":106,"column":4},"end":{"line":108,"column":null}},"type":"if","locations":[{"start":{"line":106,"column":4},"end":{"line":108,"column":null}},{"start":{},"end":{}}],"line":106},"27":{"loc":{"start":{"line":106,"column":8},"end":{"line":106,"column":28}},"type":"binary-expr","locations":[{"start":{"line":106,"column":8},"end":{"line":106,"column":17}},{"start":{"line":106,"column":17},"end":{"line":106,"column":28}}],"line":106}},"s":{"0":6,"1":6,"2":2,"3":4,"4":4,"5":1,"6":0,"7":4,"8":6,"9":2,"10":2,"11":4,"12":3,"13":3,"14":4,"15":4,"16":1,"17":3,"18":1,"19":4,"20":1,"21":2,"22":3,"23":2,"24":14,"25":2,"26":12,"27":12,"28":3,"29":9,"30":1,"31":8,"32":3,"33":5,"34":1,"35":2,"36":4,"37":2,"38":1,"39":6,"40":3,"41":5,"42":1,"43":2,"44":4,"45":2,"46":1,"47":4,"48":6,"49":1,"50":5,"51":9,"52":5,"53":4,"54":4,"55":3,"56":2},"f":{"0":6,"1":1,"2":0,"3":4,"4":4,"5":3,"6":3,"7":4,"8":1,"9":3,"10":2,"11":14,"12":4,"13":4,"14":6},"b":{"0":[2,4],"1":[1,3],"2":[4,1],"3":[2,4],"4":[3,2],"5":[1,3],"6":[1,2],"7":[1,3],"8":[2,12],"9":[14,13,12,12],"10":[3,9],"11":[12,10,9],"12":[1,8],"13":[9,9],"14":[3,5],"15":[1,4],"16":[5,0],"17":[4,0],"18":[1,1],"19":[3,3],"20":[1,4],"21":[5,0],"22":[4,0],"23":[1,1],"24":[1,5],"25":[5,4],"26":[3,1],"27":[4,2]},"meta":{"lastBranch":28,"lastFunction":15,"lastStatement":57,"seen":{"f:8:16:8:Infinity":0,"s:14:18:14:Infinity":0,"b:15:2:15:Infinity:undefined:undefined:undefined:undefined":0,"s:15:2:15:Infinity":1,"s:15:16:15:Infinity":2,"s:17:20:17:Infinity":3,"s:18:16:20:Infinity":4,"b:19:6:19:Infinity:20:6:20:Infinity":1,"b:18:16:18:29:18:29:18:Infinity":2,"f:19:26:19:31":1,"s:19:31:19:49":5,"f:19:55:19:60":2,"s:19:60:19:80":6,"f:20:24:20:29":3,"s:20:29:20:44":7,"b:22:2:24:Infinity:undefined:undefined:undefined:undefined":3,"s:22:2:24:Infinity":8,"s:23:4:23:Infinity":9,"s:25:2:25:Infinity":10,"f:28:16:28:34":4,"s:29:2:31:Infinity":11,"f:30:4:30:9":5,"s:30:9:30:Infinity":12,"b:30:9:30:28:30:28:30:Infinity":4,"f:30:49:30:54":6,"s:30:54:30:76":13,"f:34:16:34:Infinity":7,"s:39:18:39:Infinity":14,"b:40:2:40:Infinity:undefined:undefined:undefined:undefined":5,"s:40:2:40:Infinity":15,"s:40:16:40:Infinity":16,"s:42:16:44:Infinity":17,"b:43:6:43:Infinity:44:6:44:Infinity":6,"f:43:27:43:32":8,"s:43:32:43:49":18,"b:46:2:48:Infinity:undefined:undefined:undefined:undefined":7,"s:46:2:48:Infinity":19,"s:47:4:47:Infinity":20,"s:49:2:49:Infinity":21,"f:52:16:52:31":9,"s:53:2:53:Infinity":22,"f:53:23:53:28":10,"s:53:28:53:51":23,"f:56:16:56:Infinity":11,"b:60:2:62:Infinity:undefined:undefined:undefined:undefined":8,"s:60:2:62:Infinity":24,"b:60:6:60:23:60:23:60:55:60:55:60:80:60:80:60:97":9,"s:61:4:61:Infinity":25,"s:64:17:64:Infinity":26,"b:65:2:67:Infinity:undefined:undefined:undefined:undefined":10,"s:65:2:67:Infinity":27,"b:65:6:65:17:65:17:65:32:65:32:65:47":11,"s:66:4:66:Infinity":28,"b:69:2:71:Infinity:undefined:undefined:undefined:undefined":12,"s:69:2:71:Infinity":29,"b:69:6:69:32:69:32:69:68":13,"s:70:4:70:Infinity":30,"b:73:2:81:Infinity:undefined:undefined:undefined:undefined":14,"s:73:2:81:Infinity":31,"s:74:4:76:Infinity":32,"b:75:6:75:Infinity:undefined:undefined:undefined:undefined":15,"s:75:6:75:Infinity":33,"b:75:11:75:29:75:29:75:34":16,"s:75:37:75:Infinity":34,"s:77:16:77:Infinity":35,"f:77:45:77:46":12,"s:77:55:77:82":36,"b:77:60:77:78:77:78:77:82":17,"b:78:4:80:Infinity:undefined:undefined:undefined:undefined":18,"s:78:4:80:Infinity":37,"s:79:6:79:Infinity":38,"b:83:2:91:Infinity:undefined:undefined:undefined:undefined":19,"s:83:2:91:Infinity":39,"s:84:4:86:Infinity":40,"b:85:6:85:Infinity:undefined:undefined:undefined:undefined":20,"s:85:6:85:Infinity":41,"b:85:11:85:33:85:33:85:38":21,"s:85:41:85:Infinity":42,"s:87:16:87:Infinity":43,"f:87:45:87:46":13,"s:87:55:87:86":44,"b:87:60:87:82:87:82:87:86":22,"b:88:4:90:Infinity:undefined:undefined:undefined:undefined":23,"s:88:4:90:Infinity":45,"s:89:6:89:Infinity":46,"s:93:2:93:Infinity":47,"f:96:16:96:Infinity":14,"b:101:2:101:Infinity:undefined:undefined:undefined:undefined":24,"s:101:2:101:Infinity":48,"s:101:27:101:Infinity":49,"s:103:2:109:Infinity":50,"b:104:4:104:Infinity:undefined:undefined:undefined:undefined":25,"s:104:4:104:Infinity":51,"s:104:39:104:Infinity":52,"s:105:17:105:Infinity":53,"b:106:4:108:Infinity:undefined:undefined:undefined:undefined":26,"s:106:4:108:Infinity":54,"b:106:8:106:17:106:17:106:28":27,"s:107:6:107:Infinity":55,"s:110:2:110:Infinity":56},"fnNames":{}}}
}
